{"C:\\Users\\braya\\Desktop\\Fullstack 2.1\\Xitomota\\Xitomota\\src\\Paginas\\Autentificacion\\IniciarSesion.jsx": {"path":"C:\\Users\\braya\\Desktop\\Fullstack 2.1\\Xitomota\\Xitomota\\src\\Paginas\\Autentificacion\\IniciarSesion.jsx","statementMap":{"0":{"start":{"line":6,"column":30},"end":{"line":6,"column":42}},"1":{"start":{"line":7,"column":36},"end":{"line":7,"column":48}},"2":{"start":{"line":8,"column":30},"end":{"line":8,"column":42}},"3":{"start":{"line":9,"column":21},"end":{"line":9,"column":34}},"4":{"start":{"line":11,"column":24},"end":{"line":44,"column":5}},"5":{"start":{"line":12,"column":8},"end":{"line":12,"column":27}},"6":{"start":{"line":13,"column":8},"end":{"line":13,"column":21}},"7":{"start":{"line":15,"column":26},"end":{"line":18,"column":9}},"8":{"start":{"line":20,"column":8},"end":{"line":43,"column":9}},"9":{"start":{"line":21,"column":29},"end":{"line":21,"column":99}},"10":{"start":{"line":23,"column":29},"end":{"line":23,"column":42}},"11":{"start":{"line":24,"column":12},"end":{"line":24,"column":58}},"12":{"start":{"line":25,"column":12},"end":{"line":25,"column":68}},"13":{"start":{"line":26,"column":12},"end":{"line":26,"column":61}},"14":{"start":{"line":28,"column":12},"end":{"line":28,"column":54}},"15":{"start":{"line":30,"column":12},"end":{"line":34,"column":13}},"16":{"start":{"line":31,"column":16},"end":{"line":31,"column":35}},"17":{"start":{"line":33,"column":16},"end":{"line":33,"column":30}},"18":{"start":{"line":37,"column":12},"end":{"line":37,"column":59}},"19":{"start":{"line":38,"column":12},"end":{"line":42,"column":13}},"20":{"start":{"line":39,"column":16},"end":{"line":39,"column":84}},"21":{"start":{"line":41,"column":16},"end":{"line":41,"column":90}},"22":{"start":{"line":46,"column":4},"end":{"line":82,"column":6}},"23":{"start":{"line":58,"column":41},"end":{"line":58,"column":65}},"24":{"start":{"line":68,"column":41},"end":{"line":68,"column":68}}},"fnMap":{"0":{"name":"IniciarSesion","decl":{"start":{"line":5,"column":24},"end":{"line":5,"column":37}},"loc":{"start":{"line":5,"column":40},"end":{"line":83,"column":1}},"line":5},"1":{"name":"(anonymous_1)","decl":{"start":{"line":11,"column":24},"end":{"line":11,"column":25}},"loc":{"start":{"line":11,"column":37},"end":{"line":44,"column":5}},"line":11},"2":{"name":"(anonymous_2)","decl":{"start":{"line":58,"column":34},"end":{"line":58,"column":35}},"loc":{"start":{"line":58,"column":41},"end":{"line":58,"column":65}},"line":58},"3":{"name":"(anonymous_3)","decl":{"start":{"line":68,"column":34},"end":{"line":68,"column":35}},"loc":{"start":{"line":68,"column":41},"end":{"line":68,"column":68}},"line":68}},"branchMap":{"0":{"loc":{"start":{"line":30,"column":12},"end":{"line":34,"column":13}},"type":"if","locations":[{"start":{"line":30,"column":12},"end":{"line":34,"column":13}},{"start":{"line":32,"column":19},"end":{"line":34,"column":13}}],"line":30},"1":{"loc":{"start":{"line":38,"column":12},"end":{"line":42,"column":13}},"type":"if","locations":[{"start":{"line":38,"column":12},"end":{"line":42,"column":13}},{"start":{"line":40,"column":19},"end":{"line":42,"column":13}}],"line":38},"2":{"loc":{"start":{"line":38,"column":16},"end":{"line":38,"column":59}},"type":"binary-expr","locations":[{"start":{"line":38,"column":16},"end":{"line":38,"column":28}},{"start":{"line":38,"column":32},"end":{"line":38,"column":59}}],"line":38},"3":{"loc":{"start":{"line":50,"column":17},"end":{"line":50,"column":63}},"type":"binary-expr","locations":[{"start":{"line":50,"column":17},"end":{"line":50,"column":22}},{"start":{"line":50,"column":26},"end":{"line":50,"column":63}}],"line":50}},"s":{"0":60,"1":60,"2":60,"3":60,"4":60,"5":4,"6":4,"7":4,"8":4,"9":4,"10":2,"11":2,"12":2,"13":2,"14":2,"15":2,"16":1,"17":1,"18":2,"19":2,"20":1,"21":1,"22":60,"23":31,"24":18},"f":{"0":60,"1":4,"2":31,"3":18},"b":{"0":[1,1],"1":[1,1],"2":[2,2],"3":[60,2]},"_coverageSchema":"1a1c01bbd47fc00a2c39e90264f33305004495a9","hash":"0a61155467468a7bf8ada4bd49a8d8311ed8b1a3"}
,"C:\\Users\\braya\\Desktop\\Fullstack 2.1\\Xitomota\\Xitomota\\src\\Paginas\\Autentificacion\\RegistroUsuario.jsx": {"path":"C:\\Users\\braya\\Desktop\\Fullstack 2.1\\Xitomota\\Xitomota\\src\\Paginas\\Autentificacion\\RegistroUsuario.jsx","statementMap":{"0":{"start":{"line":6,"column":32},"end":{"line":6,"column":44}},"1":{"start":{"line":7,"column":38},"end":{"line":7,"column":50}},"2":{"start":{"line":8,"column":30},"end":{"line":8,"column":42}},"3":{"start":{"line":9,"column":36},"end":{"line":9,"column":48}},"4":{"start":{"line":10,"column":50},"end":{"line":10,"column":62}},"5":{"start":{"line":11,"column":30},"end":{"line":11,"column":42}},"6":{"start":{"line":12,"column":21},"end":{"line":12,"column":34}},"7":{"start":{"line":14,"column":25},"end":{"line":56,"column":5}},"8":{"start":{"line":15,"column":8},"end":{"line":15,"column":27}},"9":{"start":{"line":16,"column":8},"end":{"line":16,"column":21}},"10":{"start":{"line":18,"column":8},"end":{"line":21,"column":9}},"11":{"start":{"line":19,"column":12},"end":{"line":19,"column":54}},"12":{"start":{"line":20,"column":12},"end":{"line":20,"column":19}},"13":{"start":{"line":22,"column":8},"end":{"line":25,"column":9}},"14":{"start":{"line":23,"column":13},"end":{"line":23,"column":73}},"15":{"start":{"line":24,"column":13},"end":{"line":24,"column":20}},"16":{"start":{"line":27,"column":29},"end":{"line":33,"column":9}},"17":{"start":{"line":35,"column":8},"end":{"line":55,"column":9}},"18":{"start":{"line":36,"column":29},"end":{"line":36,"column":100}},"19":{"start":{"line":38,"column":12},"end":{"line":38,"column":116}},"20":{"start":{"line":40,"column":12},"end":{"line":40,"column":26}},"21":{"start":{"line":41,"column":12},"end":{"line":41,"column":29}},"22":{"start":{"line":42,"column":12},"end":{"line":42,"column":25}},"23":{"start":{"line":43,"column":12},"end":{"line":43,"column":28}},"24":{"start":{"line":44,"column":12},"end":{"line":44,"column":35}},"25":{"start":{"line":46,"column":12},"end":{"line":46,"column":31}},"26":{"start":{"line":49,"column":12},"end":{"line":49,"column":65}},"27":{"start":{"line":50,"column":12},"end":{"line":54,"column":13}},"28":{"start":{"line":51,"column":17},"end":{"line":51,"column":53}},"29":{"start":{"line":53,"column":17},"end":{"line":53,"column":88}},"30":{"start":{"line":58,"column":4},"end":{"line":124,"column":6}},"31":{"start":{"line":71,"column":41},"end":{"line":71,"column":66}},"32":{"start":{"line":82,"column":41},"end":{"line":82,"column":69}},"33":{"start":{"line":93,"column":41},"end":{"line":93,"column":65}},"34":{"start":{"line":104,"column":41},"end":{"line":104,"column":68}},"35":{"start":{"line":115,"column":41},"end":{"line":115,"column":75}}},"fnMap":{"0":{"name":"RegistroUsuario","decl":{"start":{"line":5,"column":24},"end":{"line":5,"column":39}},"loc":{"start":{"line":5,"column":42},"end":{"line":125,"column":1}},"line":5},"1":{"name":"(anonymous_1)","decl":{"start":{"line":14,"column":25},"end":{"line":14,"column":26}},"loc":{"start":{"line":14,"column":38},"end":{"line":56,"column":5}},"line":14},"2":{"name":"(anonymous_2)","decl":{"start":{"line":71,"column":34},"end":{"line":71,"column":35}},"loc":{"start":{"line":71,"column":41},"end":{"line":71,"column":66}},"line":71},"3":{"name":"(anonymous_3)","decl":{"start":{"line":82,"column":34},"end":{"line":82,"column":35}},"loc":{"start":{"line":82,"column":41},"end":{"line":82,"column":69}},"line":82},"4":{"name":"(anonymous_4)","decl":{"start":{"line":93,"column":34},"end":{"line":93,"column":35}},"loc":{"start":{"line":93,"column":41},"end":{"line":93,"column":65}},"line":93},"5":{"name":"(anonymous_5)","decl":{"start":{"line":104,"column":34},"end":{"line":104,"column":35}},"loc":{"start":{"line":104,"column":41},"end":{"line":104,"column":68}},"line":104},"6":{"name":"(anonymous_6)","decl":{"start":{"line":115,"column":34},"end":{"line":115,"column":35}},"loc":{"start":{"line":115,"column":41},"end":{"line":115,"column":75}},"line":115}},"branchMap":{"0":{"loc":{"start":{"line":18,"column":8},"end":{"line":21,"column":9}},"type":"if","locations":[{"start":{"line":18,"column":8},"end":{"line":21,"column":9}},{"start":{},"end":{}}],"line":18},"1":{"loc":{"start":{"line":22,"column":8},"end":{"line":25,"column":9}},"type":"if","locations":[{"start":{"line":22,"column":8},"end":{"line":25,"column":9}},{"start":{},"end":{}}],"line":22},"2":{"loc":{"start":{"line":50,"column":12},"end":{"line":54,"column":13}},"type":"if","locations":[{"start":{"line":50,"column":12},"end":{"line":54,"column":13}},{"start":{"line":52,"column":19},"end":{"line":54,"column":13}}],"line":50},"3":{"loc":{"start":{"line":50,"column":16},"end":{"line":50,"column":78}},"type":"binary-expr","locations":[{"start":{"line":50,"column":16},"end":{"line":50,"column":28}},{"start":{"line":50,"column":32},"end":{"line":50,"column":49}},{"start":{"line":50,"column":53},"end":{"line":50,"column":78}}],"line":50},"4":{"loc":{"start":{"line":62,"column":17},"end":{"line":62,"column":63}},"type":"binary-expr","locations":[{"start":{"line":62,"column":17},"end":{"line":62,"column":22}},{"start":{"line":62,"column":26},"end":{"line":62,"column":63}}],"line":62}},"s":{"0":167,"1":167,"2":167,"3":167,"4":167,"5":167,"6":167,"7":167,"8":5,"9":5,"10":5,"11":1,"12":1,"13":4,"14":1,"15":1,"16":3,"17":3,"18":3,"19":1,"20":1,"21":1,"22":1,"23":1,"24":1,"25":1,"26":2,"27":2,"28":1,"29":1,"30":167,"31":18,"32":20,"33":69,"34":23,"35":23},"f":{"0":167,"1":5,"2":18,"3":20,"4":69,"5":23,"6":23},"b":{"0":[1,4],"1":[1,3],"2":[1,1],"3":[2,1,1],"4":[167,4]},"_coverageSchema":"1a1c01bbd47fc00a2c39e90264f33305004495a9","hash":"cadd948c7f135bf0657c3c257ed16e59013ca375"}
,"C:\\Users\\braya\\Desktop\\Fullstack 2.1\\Xitomota\\Xitomota\\src\\Paginas\\Blogs\\Blogs.jsx": {"path":"C:\\Users\\braya\\Desktop\\Fullstack 2.1\\Xitomota\\Xitomota\\src\\Paginas\\Blogs\\Blogs.jsx","statementMap":{"0":{"start":{"line":6,"column":14},"end":{"line":6,"column":173}},"1":{"start":{"line":8,"column":2},"end":{"line":56,"column":4}}},"fnMap":{"0":{"name":"Blogs","decl":{"start":{"line":4,"column":24},"end":{"line":4,"column":29}},"loc":{"start":{"line":4,"column":32},"end":{"line":57,"column":1}},"line":4}},"branchMap":{},"s":{"0":3,"1":3},"f":{"0":3},"b":{},"_coverageSchema":"1a1c01bbd47fc00a2c39e90264f33305004495a9","hash":"42a36cdd9b3b03b31de49323ca0b5bc929bf4813"}
,"C:\\Users\\braya\\Desktop\\Fullstack 2.1\\Xitomota\\Xitomota\\src\\Paginas\\Carrito\\Carrito.jsx": {"path":"C:\\Users\\braya\\Desktop\\Fullstack 2.1\\Xitomota\\Xitomota\\src\\Paginas\\Carrito\\Carrito.jsx","statementMap":{"0":{"start":{"line":5,"column":24},"end":{"line":10,"column":1}},"1":{"start":{"line":6,"column":2},"end":{"line":9,"column":20}},"2":{"start":{"line":13,"column":42},"end":{"line":13,"column":54}},"3":{"start":{"line":14,"column":30},"end":{"line":14,"column":70}},"4":{"start":{"line":15,"column":36},"end":{"line":15,"column":50}},"5":{"start":{"line":17,"column":2},"end":{"line":46,"column":9}},"6":{"start":{"line":18,"column":28},"end":{"line":43,"column":5}},"7":{"start":{"line":19,"column":6},"end":{"line":19,"column":25}},"8":{"start":{"line":20,"column":26},"end":{"line":20,"column":56}},"9":{"start":{"line":22,"column":6},"end":{"line":42,"column":7}},"10":{"start":{"line":23,"column":8},"end":{"line":33,"column":9}},"11":{"start":{"line":24,"column":27},"end":{"line":24,"column":99}},"12":{"start":{"line":25,"column":10},"end":{"line":25,"column":53}},"13":{"start":{"line":26,"column":10},"end":{"line":26,"column":35}},"14":{"start":{"line":28,"column":27},"end":{"line":28,"column":89}},"15":{"start":{"line":29,"column":28},"end":{"line":29,"column":44}},"16":{"start":{"line":30,"column":10},"end":{"line":30,"column":52}},"17":{"start":{"line":31,"column":10},"end":{"line":31,"column":31}},"18":{"start":{"line":32,"column":10},"end":{"line":32,"column":30}},"19":{"start":{"line":35,"column":8},"end":{"line":35,"column":60}},"20":{"start":{"line":36,"column":8},"end":{"line":39,"column":9}},"21":{"start":{"line":37,"column":10},"end":{"line":37,"column":44}},"22":{"start":{"line":38,"column":10},"end":{"line":38,"column":28}},"23":{"start":{"line":41,"column":8},"end":{"line":41,"column":28}},"24":{"start":{"line":45,"column":4},"end":{"line":45,"column":22}},"25":{"start":{"line":48,"column":26},"end":{"line":56,"column":3}},"26":{"start":{"line":49,"column":4},"end":{"line":49,"column":24}},"27":{"start":{"line":49,"column":17},"end":{"line":49,"column":24}},"28":{"start":{"line":50,"column":4},"end":{"line":55,"column":5}},"29":{"start":{"line":51,"column":23},"end":{"line":51,"column":88}},"30":{"start":{"line":52,"column":6},"end":{"line":52,"column":49}},"31":{"start":{"line":54,"column":6},"end":{"line":54,"column":60}},"32":{"start":{"line":58,"column":26},"end":{"line":72,"column":1}},"33":{"start":{"line":59,"column":17},"end":{"line":59,"column":56}},"34":{"start":{"line":59,"column":40},"end":{"line":59,"column":55}},"35":{"start":{"line":60,"column":4},"end":{"line":60,"column":22}},"36":{"start":{"line":60,"column":15},"end":{"line":60,"column":22}},"37":{"start":{"line":62,"column":26},"end":{"line":62,"column":60}},"38":{"start":{"line":64,"column":4},"end":{"line":71,"column":5}},"39":{"start":{"line":65,"column":6},"end":{"line":67,"column":9}},"40":{"start":{"line":68,"column":6},"end":{"line":68,"column":24}},"41":{"start":{"line":70,"column":6},"end":{"line":70,"column":60}},"42":{"start":{"line":74,"column":23},"end":{"line":81,"column":3}},"43":{"start":{"line":75,"column":4},"end":{"line":80,"column":5}},"44":{"start":{"line":76,"column":6},"end":{"line":76,"column":80}},"45":{"start":{"line":77,"column":6},"end":{"line":77,"column":24}},"46":{"start":{"line":79,"column":6},"end":{"line":79,"column":57}},"47":{"start":{"line":83,"column":25},"end":{"line":94,"column":3}},"48":{"start":{"line":84,"column":4},"end":{"line":93,"column":5}},"49":{"start":{"line":85,"column":6},"end":{"line":89,"column":8}},"50":{"start":{"line":87,"column":10},"end":{"line":87,"column":78}},"51":{"start":{"line":90,"column":6},"end":{"line":90,"column":26}},"52":{"start":{"line":92,"column":6},"end":{"line":92,"column":59}},"53":{"start":{"line":96,"column":27},"end":{"line":98,"column":3}},"54":{"start":{"line":97,"column":4},"end":{"line":97,"column":29}},"55":{"start":{"line":100,"column":24},"end":{"line":104,"column":3}},"56":{"start":{"line":101,"column":4},"end":{"line":103,"column":6}},"57":{"start":{"line":102,"column":6},"end":{"line":102,"column":52}},"58":{"start":{"line":106,"column":23},"end":{"line":106,"column":38}},"59":{"start":{"line":108,"column":2},"end":{"line":110,"column":3}},"60":{"start":{"line":109,"column":4},"end":{"line":109,"column":80}},"61":{"start":{"line":112,"column":2},"end":{"line":176,"column":4}},"62":{"start":{"line":125,"column":31},"end":{"line":125,"column":84}},"63":{"start":{"line":126,"column":30},"end":{"line":126,"column":84}},"64":{"start":{"line":128,"column":14},"end":{"line":152,"column":16}},"65":{"start":{"line":138,"column":43},"end":{"line":138,"column":71}},"66":{"start":{"line":140,"column":43},"end":{"line":140,"column":70}},"67":{"start":{"line":146,"column":37},"end":{"line":146,"column":58}}},"fnMap":{"0":{"name":"(anonymous_0)","decl":{"start":{"line":5,"column":24},"end":{"line":5,"column":25}},"loc":{"start":{"line":5,"column":36},"end":{"line":10,"column":1}},"line":5},"1":{"name":"Carrito","decl":{"start":{"line":12,"column":24},"end":{"line":12,"column":31}},"loc":{"start":{"line":12,"column":34},"end":{"line":177,"column":1}},"line":12},"2":{"name":"(anonymous_2)","decl":{"start":{"line":17,"column":12},"end":{"line":17,"column":13}},"loc":{"start":{"line":17,"column":18},"end":{"line":46,"column":3}},"line":17},"3":{"name":"(anonymous_3)","decl":{"start":{"line":18,"column":28},"end":{"line":18,"column":29}},"loc":{"start":{"line":18,"column":40},"end":{"line":43,"column":5}},"line":18},"4":{"name":"(anonymous_4)","decl":{"start":{"line":48,"column":26},"end":{"line":48,"column":27}},"loc":{"start":{"line":48,"column":38},"end":{"line":56,"column":3}},"line":48},"5":{"name":"(anonymous_5)","decl":{"start":{"line":58,"column":26},"end":{"line":58,"column":27}},"loc":{"start":{"line":58,"column":51},"end":{"line":72,"column":1}},"line":58},"6":{"name":"(anonymous_6)","decl":{"start":{"line":59,"column":35},"end":{"line":59,"column":36}},"loc":{"start":{"line":59,"column":40},"end":{"line":59,"column":55}},"line":59},"7":{"name":"(anonymous_7)","decl":{"start":{"line":74,"column":23},"end":{"line":74,"column":24}},"loc":{"start":{"line":74,"column":41},"end":{"line":81,"column":3}},"line":74},"8":{"name":"(anonymous_8)","decl":{"start":{"line":83,"column":25},"end":{"line":83,"column":26}},"loc":{"start":{"line":83,"column":37},"end":{"line":94,"column":3}},"line":83},"9":{"name":"(anonymous_9)","decl":{"start":{"line":86,"column":25},"end":{"line":86,"column":26}},"loc":{"start":{"line":87,"column":10},"end":{"line":87,"column":78}},"line":87},"10":{"name":"(anonymous_10)","decl":{"start":{"line":96,"column":27},"end":{"line":96,"column":28}},"loc":{"start":{"line":96,"column":49},"end":{"line":98,"column":3}},"line":96},"11":{"name":"(anonymous_11)","decl":{"start":{"line":100,"column":24},"end":{"line":100,"column":25}},"loc":{"start":{"line":100,"column":30},"end":{"line":104,"column":3}},"line":100},"12":{"name":"(anonymous_12)","decl":{"start":{"line":101,"column":31},"end":{"line":101,"column":32}},"loc":{"start":{"line":102,"column":6},"end":{"line":102,"column":52}},"line":102},"13":{"name":"(anonymous_13)","decl":{"start":{"line":124,"column":29},"end":{"line":124,"column":30}},"loc":{"start":{"line":124,"column":37},"end":{"line":153,"column":13}},"line":124},"14":{"name":"(anonymous_14)","decl":{"start":{"line":138,"column":37},"end":{"line":138,"column":38}},"loc":{"start":{"line":138,"column":43},"end":{"line":138,"column":71}},"line":138},"15":{"name":"(anonymous_15)","decl":{"start":{"line":140,"column":37},"end":{"line":140,"column":38}},"loc":{"start":{"line":140,"column":43},"end":{"line":140,"column":70}},"line":140},"16":{"name":"(anonymous_16)","decl":{"start":{"line":146,"column":31},"end":{"line":146,"column":32}},"loc":{"start":{"line":146,"column":37},"end":{"line":146,"column":58}},"line":146}},"branchMap":{"0":{"loc":{"start":{"line":23,"column":8},"end":{"line":33,"column":9}},"type":"if","locations":[{"start":{"line":23,"column":8},"end":{"line":33,"column":9}},{"start":{"line":27,"column":15},"end":{"line":33,"column":9}}],"line":23},"1":{"loc":{"start":{"line":25,"column":26},"end":{"line":25,"column":51}},"type":"binary-expr","locations":[{"start":{"line":25,"column":26},"end":{"line":25,"column":45}},{"start":{"line":25,"column":49},"end":{"line":25,"column":51}}],"line":25},"2":{"loc":{"start":{"line":36,"column":8},"end":{"line":39,"column":9}},"type":"if","locations":[{"start":{"line":36,"column":8},"end":{"line":39,"column":9}},{"start":{},"end":{}}],"line":36},"3":{"loc":{"start":{"line":36,"column":12},"end":{"line":36,"column":59}},"type":"binary-expr","locations":[{"start":{"line":36,"column":12},"end":{"line":36,"column":26}},{"start":{"line":36,"column":30},"end":{"line":36,"column":59}}],"line":36},"4":{"loc":{"start":{"line":49,"column":4},"end":{"line":49,"column":24}},"type":"if","locations":[{"start":{"line":49,"column":4},"end":{"line":49,"column":24}},{"start":{},"end":{}}],"line":49},"5":{"loc":{"start":{"line":52,"column":22},"end":{"line":52,"column":47}},"type":"binary-expr","locations":[{"start":{"line":52,"column":22},"end":{"line":52,"column":41}},{"start":{"line":52,"column":45},"end":{"line":52,"column":47}}],"line":52},"6":{"loc":{"start":{"line":60,"column":4},"end":{"line":60,"column":22}},"type":"if","locations":[{"start":{"line":60,"column":4},"end":{"line":60,"column":22}},{"start":{},"end":{}}],"line":60},"7":{"loc":{"start":{"line":108,"column":2},"end":{"line":110,"column":3}},"type":"if","locations":[{"start":{"line":108,"column":2},"end":{"line":110,"column":3}},{"start":{},"end":{}}],"line":108},"8":{"loc":{"start":{"line":121,"column":11},"end":{"line":154,"column":11}},"type":"cond-expr","locations":[{"start":{"line":122,"column":12},"end":{"line":122,"column":67}},{"start":{"line":124,"column":12},"end":{"line":153,"column":14}}],"line":121},"9":{"loc":{"start":{"line":158,"column":9},"end":{"line":172,"column":9}},"type":"binary-expr","locations":[{"start":{"line":158,"column":9},"end":{"line":158,"column":32}},{"start":{"line":159,"column":10},"end":{"line":171,"column":16}}],"line":158}},"s":{"0":1,"1":15,"2":10,"3":10,"4":10,"5":10,"6":5,"7":5,"8":5,"9":5,"10":5,"11":4,"12":3,"13":3,"14":1,"15":1,"16":1,"17":1,"18":1,"19":1,"20":1,"21":0,"22":0,"23":5,"24":5,"25":10,"26":2,"27":0,"28":2,"29":2,"30":2,"31":0,"32":10,"33":1,"34":1,"35":1,"36":0,"37":1,"38":1,"39":1,"40":1,"41":0,"42":10,"43":1,"44":1,"45":1,"46":0,"47":10,"48":0,"49":0,"50":0,"51":0,"52":0,"53":10,"54":6,"55":10,"56":10,"57":6,"58":10,"59":10,"60":5,"61":5,"62":6,"63":6,"64":6,"65":0,"66":1,"67":1},"f":{"0":15,"1":10,"2":5,"3":5,"4":2,"5":1,"6":1,"7":1,"8":0,"9":0,"10":6,"11":10,"12":6,"13":6,"14":0,"15":1,"16":1},"b":{"0":[4,1],"1":[3,0],"2":[0,1],"3":[1,0],"4":[0,2],"5":[2,0],"6":[0,1],"7":[5,5],"8":[2,3],"9":[5,3]},"_coverageSchema":"1a1c01bbd47fc00a2c39e90264f33305004495a9","hash":"3670d7e89b27712069f92157f003b6cdb2f5a34b"}
,"C:\\Users\\braya\\Desktop\\Fullstack 2.1\\Xitomota\\Xitomota\\src\\Paginas\\Categorias\\Buzos\\Buzos.jsx": {"path":"C:\\Users\\braya\\Desktop\\Fullstack 2.1\\Xitomota\\Xitomota\\src\\Paginas\\Categorias\\Buzos\\Buzos.jsx","statementMap":{"0":{"start":{"line":14,"column":26},"end":{"line":21,"column":1}},"1":{"start":{"line":25,"column":28},"end":{"line":25,"column":40}},"2":{"start":{"line":27,"column":2},"end":{"line":38,"column":9}},"3":{"start":{"line":28,"column":23},"end":{"line":35,"column":5}},"4":{"start":{"line":29,"column":6},"end":{"line":34,"column":7}},"5":{"start":{"line":30,"column":25},"end":{"line":30,"column":98}},"6":{"start":{"line":31,"column":8},"end":{"line":31,"column":32}},"7":{"start":{"line":33,"column":8},"end":{"line":33,"column":60}},"8":{"start":{"line":37,"column":4},"end":{"line":37,"column":17}},"9":{"start":{"line":41,"column":2},"end":{"line":73,"column":6}},"10":{"start":{"line":47,"column":12},"end":{"line":58,"column":21}},"11":{"start":{"line":64,"column":14},"end":{"line":68,"column":14}}},"fnMap":{"0":{"name":"Buzos","decl":{"start":{"line":23,"column":24},"end":{"line":23,"column":29}},"loc":{"start":{"line":23,"column":32},"end":{"line":74,"column":1}},"line":23},"1":{"name":"(anonymous_1)","decl":{"start":{"line":27,"column":12},"end":{"line":27,"column":13}},"loc":{"start":{"line":27,"column":18},"end":{"line":38,"column":3}},"line":27},"2":{"name":"(anonymous_2)","decl":{"start":{"line":28,"column":23},"end":{"line":28,"column":24}},"loc":{"start":{"line":28,"column":35},"end":{"line":35,"column":5}},"line":28},"3":{"name":"(anonymous_3)","decl":{"start":{"line":46,"column":33},"end":{"line":46,"column":34}},"loc":{"start":{"line":47,"column":12},"end":{"line":58,"column":21}},"line":47},"4":{"name":"(anonymous_4)","decl":{"start":{"line":63,"column":23},"end":{"line":63,"column":24}},"loc":{"start":{"line":64,"column":14},"end":{"line":68,"column":14}},"line":64}},"branchMap":{"0":{"loc":{"start":{"line":49,"column":19},"end":{"line":55,"column":19}},"type":"cond-expr","locations":[{"start":{"line":50,"column":20},"end":{"line":50,"column":93}},{"start":{"line":52,"column":20},"end":{"line":54,"column":26}}],"line":49}},"s":{"0":1,"1":4,"2":4,"3":3,"4":3,"5":3,"6":2,"7":2,"8":3,"9":4,"10":24,"11":2},"f":{"0":4,"1":3,"2":3,"3":24,"4":2},"b":{"0":[24,0]},"_coverageSchema":"1a1c01bbd47fc00a2c39e90264f33305004495a9","hash":"cd52c7b3919e0fc895119c309c253e5a968ecdcb"}
,"C:\\Users\\braya\\Desktop\\Fullstack 2.1\\Xitomota\\Xitomota\\src\\Paginas\\Categorias\\Camisas\\Camisas.jsx": {"path":"C:\\Users\\braya\\Desktop\\Fullstack 2.1\\Xitomota\\Xitomota\\src\\Paginas\\Categorias\\Camisas\\Camisas.jsx","statementMap":{"0":{"start":{"line":14,"column":26},"end":{"line":21,"column":1}},"1":{"start":{"line":25,"column":32},"end":{"line":25,"column":44}},"2":{"start":{"line":28,"column":2},"end":{"line":40,"column":9}},"3":{"start":{"line":29,"column":25},"end":{"line":36,"column":5}},"4":{"start":{"line":30,"column":6},"end":{"line":35,"column":7}},"5":{"start":{"line":31,"column":25},"end":{"line":31,"column":100}},"6":{"start":{"line":32,"column":8},"end":{"line":32,"column":34}},"7":{"start":{"line":34,"column":8},"end":{"line":34,"column":62}},"8":{"start":{"line":39,"column":4},"end":{"line":39,"column":19}},"9":{"start":{"line":43,"column":2},"end":{"line":76,"column":6}},"10":{"start":{"line":49,"column":14},"end":{"line":60,"column":21}},"11":{"start":{"line":67,"column":14},"end":{"line":71,"column":14}}},"fnMap":{"0":{"name":"Camisas","decl":{"start":{"line":23,"column":24},"end":{"line":23,"column":31}},"loc":{"start":{"line":23,"column":34},"end":{"line":77,"column":1}},"line":23},"1":{"name":"(anonymous_1)","decl":{"start":{"line":28,"column":12},"end":{"line":28,"column":13}},"loc":{"start":{"line":28,"column":18},"end":{"line":40,"column":3}},"line":28},"2":{"name":"(anonymous_2)","decl":{"start":{"line":29,"column":25},"end":{"line":29,"column":26}},"loc":{"start":{"line":29,"column":37},"end":{"line":36,"column":5}},"line":29},"3":{"name":"(anonymous_3)","decl":{"start":{"line":48,"column":35},"end":{"line":48,"column":36}},"loc":{"start":{"line":49,"column":14},"end":{"line":60,"column":21}},"line":49},"4":{"name":"(anonymous_4)","decl":{"start":{"line":66,"column":25},"end":{"line":66,"column":26}},"loc":{"start":{"line":67,"column":14},"end":{"line":71,"column":14}},"line":67}},"branchMap":{"0":{"loc":{"start":{"line":51,"column":19},"end":{"line":57,"column":19}},"type":"cond-expr","locations":[{"start":{"line":52,"column":20},"end":{"line":52,"column":93}},{"start":{"line":54,"column":20},"end":{"line":56,"column":26}}],"line":51}},"s":{"0":1,"1":4,"2":4,"3":3,"4":3,"5":3,"6":2,"7":2,"8":3,"9":4,"10":24,"11":2},"f":{"0":4,"1":3,"2":3,"3":24,"4":2},"b":{"0":[24,0]},"_coverageSchema":"1a1c01bbd47fc00a2c39e90264f33305004495a9","hash":"60501958093c15f1aaa798fa709c7f7c4b8e270a"}
,"C:\\Users\\braya\\Desktop\\Fullstack 2.1\\Xitomota\\Xitomota\\src\\Paginas\\Categorias\\Chaquetas\\Chaquetas.jsx": {"path":"C:\\Users\\braya\\Desktop\\Fullstack 2.1\\Xitomota\\Xitomota\\src\\Paginas\\Categorias\\Chaquetas\\Chaquetas.jsx","statementMap":{"0":{"start":{"line":16,"column":26},"end":{"line":23,"column":1}},"1":{"start":{"line":27,"column":36},"end":{"line":27,"column":48}},"2":{"start":{"line":29,"column":2},"end":{"line":40,"column":9}},"3":{"start":{"line":30,"column":27},"end":{"line":37,"column":5}},"4":{"start":{"line":31,"column":6},"end":{"line":36,"column":7}},"5":{"start":{"line":32,"column":25},"end":{"line":32,"column":102}},"6":{"start":{"line":33,"column":8},"end":{"line":33,"column":36}},"7":{"start":{"line":35,"column":8},"end":{"line":35,"column":64}},"8":{"start":{"line":39,"column":4},"end":{"line":39,"column":21}},"9":{"start":{"line":43,"column":2},"end":{"line":78,"column":4}},"10":{"start":{"line":49,"column":14},"end":{"line":60,"column":21}},"11":{"start":{"line":69,"column":14},"end":{"line":73,"column":14}}},"fnMap":{"0":{"name":"Chaquetas","decl":{"start":{"line":25,"column":24},"end":{"line":25,"column":33}},"loc":{"start":{"line":25,"column":36},"end":{"line":79,"column":1}},"line":25},"1":{"name":"(anonymous_1)","decl":{"start":{"line":29,"column":12},"end":{"line":29,"column":13}},"loc":{"start":{"line":29,"column":18},"end":{"line":40,"column":3}},"line":29},"2":{"name":"(anonymous_2)","decl":{"start":{"line":30,"column":27},"end":{"line":30,"column":28}},"loc":{"start":{"line":30,"column":39},"end":{"line":37,"column":5}},"line":30},"3":{"name":"(anonymous_3)","decl":{"start":{"line":48,"column":35},"end":{"line":48,"column":36}},"loc":{"start":{"line":49,"column":14},"end":{"line":60,"column":21}},"line":49},"4":{"name":"(anonymous_4)","decl":{"start":{"line":68,"column":27},"end":{"line":68,"column":28}},"loc":{"start":{"line":69,"column":14},"end":{"line":73,"column":14}},"line":69}},"branchMap":{"0":{"loc":{"start":{"line":51,"column":19},"end":{"line":57,"column":19}},"type":"cond-expr","locations":[{"start":{"line":52,"column":20},"end":{"line":52,"column":93}},{"start":{"line":54,"column":20},"end":{"line":56,"column":26}}],"line":51}},"s":{"0":1,"1":4,"2":4,"3":3,"4":3,"5":3,"6":2,"7":2,"8":3,"9":4,"10":24,"11":2},"f":{"0":4,"1":3,"2":3,"3":24,"4":2},"b":{"0":[24,0]},"_coverageSchema":"1a1c01bbd47fc00a2c39e90264f33305004495a9","hash":"3d49e8f1439585b91421438d9e9ddb2fd109b7d7"}
,"C:\\Users\\braya\\Desktop\\Fullstack 2.1\\Xitomota\\Xitomota\\src\\Paginas\\Categorias\\Pantalones\\Pantalones.jsx": {"path":"C:\\Users\\braya\\Desktop\\Fullstack 2.1\\Xitomota\\Xitomota\\src\\Paginas\\Categorias\\Pantalones\\Pantalones.jsx","statementMap":{"0":{"start":{"line":14,"column":26},"end":{"line":21,"column":1}},"1":{"start":{"line":25,"column":38},"end":{"line":25,"column":50}},"2":{"start":{"line":27,"column":2},"end":{"line":38,"column":9}},"3":{"start":{"line":28,"column":28},"end":{"line":35,"column":5}},"4":{"start":{"line":29,"column":6},"end":{"line":34,"column":7}},"5":{"start":{"line":30,"column":25},"end":{"line":30,"column":103}},"6":{"start":{"line":31,"column":8},"end":{"line":31,"column":37}},"7":{"start":{"line":33,"column":8},"end":{"line":33,"column":65}},"8":{"start":{"line":37,"column":4},"end":{"line":37,"column":22}},"9":{"start":{"line":41,"column":2},"end":{"line":74,"column":6}},"10":{"start":{"line":47,"column":12},"end":{"line":58,"column":21}},"11":{"start":{"line":65,"column":14},"end":{"line":69,"column":14}}},"fnMap":{"0":{"name":"Pantalones","decl":{"start":{"line":23,"column":24},"end":{"line":23,"column":34}},"loc":{"start":{"line":23,"column":37},"end":{"line":75,"column":1}},"line":23},"1":{"name":"(anonymous_1)","decl":{"start":{"line":27,"column":12},"end":{"line":27,"column":13}},"loc":{"start":{"line":27,"column":18},"end":{"line":38,"column":3}},"line":27},"2":{"name":"(anonymous_2)","decl":{"start":{"line":28,"column":28},"end":{"line":28,"column":29}},"loc":{"start":{"line":28,"column":40},"end":{"line":35,"column":5}},"line":28},"3":{"name":"(anonymous_3)","decl":{"start":{"line":46,"column":33},"end":{"line":46,"column":34}},"loc":{"start":{"line":47,"column":12},"end":{"line":58,"column":21}},"line":47},"4":{"name":"(anonymous_4)","decl":{"start":{"line":64,"column":28},"end":{"line":64,"column":29}},"loc":{"start":{"line":65,"column":14},"end":{"line":69,"column":14}},"line":65}},"branchMap":{"0":{"loc":{"start":{"line":49,"column":17},"end":{"line":55,"column":15}},"type":"cond-expr","locations":[{"start":{"line":50,"column":18},"end":{"line":50,"column":91}},{"start":{"line":52,"column":18},"end":{"line":54,"column":24}}],"line":49}},"s":{"0":1,"1":4,"2":4,"3":3,"4":3,"5":3,"6":2,"7":2,"8":3,"9":4,"10":24,"11":2},"f":{"0":4,"1":3,"2":3,"3":24,"4":2},"b":{"0":[24,0]},"_coverageSchema":"1a1c01bbd47fc00a2c39e90264f33305004495a9","hash":"5784e1ebc3454d3c34d72595153220241e1640b0"}
,"C:\\Users\\braya\\Desktop\\Fullstack 2.1\\Xitomota\\Xitomota\\src\\Paginas\\Categorias\\Poleras\\Poleras.jsx": {"path":"C:\\Users\\braya\\Desktop\\Fullstack 2.1\\Xitomota\\Xitomota\\src\\Paginas\\Categorias\\Poleras\\Poleras.jsx","statementMap":{"0":{"start":{"line":14,"column":26},"end":{"line":21,"column":1}},"1":{"start":{"line":25,"column":32},"end":{"line":25,"column":44}},"2":{"start":{"line":27,"column":2},"end":{"line":38,"column":9}},"3":{"start":{"line":28,"column":25},"end":{"line":35,"column":5}},"4":{"start":{"line":29,"column":6},"end":{"line":34,"column":7}},"5":{"start":{"line":30,"column":25},"end":{"line":30,"column":100}},"6":{"start":{"line":31,"column":8},"end":{"line":31,"column":34}},"7":{"start":{"line":33,"column":8},"end":{"line":33,"column":62}},"8":{"start":{"line":37,"column":4},"end":{"line":37,"column":19}},"9":{"start":{"line":41,"column":2},"end":{"line":76,"column":6}},"10":{"start":{"line":47,"column":14},"end":{"line":58,"column":21}},"11":{"start":{"line":67,"column":14},"end":{"line":71,"column":14}}},"fnMap":{"0":{"name":"Poleras","decl":{"start":{"line":23,"column":24},"end":{"line":23,"column":31}},"loc":{"start":{"line":23,"column":34},"end":{"line":77,"column":1}},"line":23},"1":{"name":"(anonymous_1)","decl":{"start":{"line":27,"column":12},"end":{"line":27,"column":13}},"loc":{"start":{"line":27,"column":18},"end":{"line":38,"column":3}},"line":27},"2":{"name":"(anonymous_2)","decl":{"start":{"line":28,"column":25},"end":{"line":28,"column":26}},"loc":{"start":{"line":28,"column":37},"end":{"line":35,"column":5}},"line":28},"3":{"name":"(anonymous_3)","decl":{"start":{"line":46,"column":35},"end":{"line":46,"column":36}},"loc":{"start":{"line":47,"column":14},"end":{"line":58,"column":21}},"line":47},"4":{"name":"(anonymous_4)","decl":{"start":{"line":66,"column":25},"end":{"line":66,"column":26}},"loc":{"start":{"line":67,"column":14},"end":{"line":71,"column":14}},"line":67}},"branchMap":{"0":{"loc":{"start":{"line":49,"column":19},"end":{"line":55,"column":19}},"type":"cond-expr","locations":[{"start":{"line":50,"column":20},"end":{"line":50,"column":93}},{"start":{"line":52,"column":20},"end":{"line":54,"column":26}}],"line":49}},"s":{"0":1,"1":4,"2":4,"3":3,"4":3,"5":3,"6":2,"7":2,"8":3,"9":4,"10":24,"11":2},"f":{"0":4,"1":3,"2":3,"3":24,"4":2},"b":{"0":[24,0]},"_coverageSchema":"1a1c01bbd47fc00a2c39e90264f33305004495a9","hash":"0477a6e3495af32fc2b075db680653f18d0919ef"}
,"C:\\Users\\braya\\Desktop\\Fullstack 2.1\\Xitomota\\Xitomota\\src\\Paginas\\Categorias\\Polerones\\Polerones.jsx": {"path":"C:\\Users\\braya\\Desktop\\Fullstack 2.1\\Xitomota\\Xitomota\\src\\Paginas\\Categorias\\Polerones\\Polerones.jsx","statementMap":{"0":{"start":{"line":13,"column":26},"end":{"line":20,"column":1}},"1":{"start":{"line":25,"column":36},"end":{"line":25,"column":48}},"2":{"start":{"line":27,"column":2},"end":{"line":38,"column":9}},"3":{"start":{"line":28,"column":27},"end":{"line":35,"column":5}},"4":{"start":{"line":29,"column":6},"end":{"line":34,"column":7}},"5":{"start":{"line":30,"column":25},"end":{"line":30,"column":102}},"6":{"start":{"line":31,"column":8},"end":{"line":31,"column":36}},"7":{"start":{"line":33,"column":8},"end":{"line":33,"column":64}},"8":{"start":{"line":37,"column":4},"end":{"line":37,"column":21}},"9":{"start":{"line":41,"column":2},"end":{"line":75,"column":6}},"10":{"start":{"line":47,"column":14},"end":{"line":58,"column":21}},"11":{"start":{"line":66,"column":14},"end":{"line":70,"column":14}}},"fnMap":{"0":{"name":"Polerones","decl":{"start":{"line":22,"column":24},"end":{"line":22,"column":33}},"loc":{"start":{"line":22,"column":36},"end":{"line":76,"column":1}},"line":22},"1":{"name":"(anonymous_1)","decl":{"start":{"line":27,"column":12},"end":{"line":27,"column":13}},"loc":{"start":{"line":27,"column":18},"end":{"line":38,"column":3}},"line":27},"2":{"name":"(anonymous_2)","decl":{"start":{"line":28,"column":27},"end":{"line":28,"column":28}},"loc":{"start":{"line":28,"column":39},"end":{"line":35,"column":5}},"line":28},"3":{"name":"(anonymous_3)","decl":{"start":{"line":46,"column":35},"end":{"line":46,"column":36}},"loc":{"start":{"line":47,"column":14},"end":{"line":58,"column":21}},"line":47},"4":{"name":"(anonymous_4)","decl":{"start":{"line":65,"column":27},"end":{"line":65,"column":28}},"loc":{"start":{"line":66,"column":14},"end":{"line":70,"column":14}},"line":66}},"branchMap":{"0":{"loc":{"start":{"line":49,"column":19},"end":{"line":55,"column":19}},"type":"cond-expr","locations":[{"start":{"line":50,"column":20},"end":{"line":50,"column":93}},{"start":{"line":52,"column":20},"end":{"line":54,"column":26}}],"line":49}},"s":{"0":1,"1":5,"2":5,"3":4,"4":4,"5":4,"6":2,"7":3,"8":4,"9":5,"10":30,"11":2},"f":{"0":5,"1":4,"2":4,"3":30,"4":2},"b":{"0":[0,30]},"_coverageSchema":"1a1c01bbd47fc00a2c39e90264f33305004495a9","hash":"395278639e6fe4e7ff50a53bc6f5cc03abca9457"}
,"C:\\Users\\braya\\Desktop\\Fullstack 2.1\\Xitomota\\Xitomota\\src\\Paginas\\Checkout\\Checkout.jsx": {"path":"C:\\Users\\braya\\Desktop\\Fullstack 2.1\\Xitomota\\Xitomota\\src\\Paginas\\Checkout\\Checkout.jsx","statementMap":{"0":{"start":{"line":5,"column":24},"end":{"line":10,"column":1}},"1":{"start":{"line":6,"column":4},"end":{"line":9,"column":22}},"2":{"start":{"line":13,"column":36},"end":{"line":22,"column":6}},"3":{"start":{"line":24,"column":44},"end":{"line":24,"column":56}},"4":{"start":{"line":25,"column":38},"end":{"line":25,"column":52}},"5":{"start":{"line":26,"column":19},"end":{"line":26,"column":49}},"6":{"start":{"line":27,"column":21},"end":{"line":27,"column":34}},"7":{"start":{"line":29,"column":4},"end":{"line":46,"column":27}},"8":{"start":{"line":30,"column":8},"end":{"line":34,"column":9}},"9":{"start":{"line":31,"column":12},"end":{"line":31,"column":44}},"10":{"start":{"line":32,"column":12},"end":{"line":32,"column":33}},"11":{"start":{"line":33,"column":12},"end":{"line":33,"column":19}},"12":{"start":{"line":35,"column":29},"end":{"line":44,"column":9}},"13":{"start":{"line":36,"column":12},"end":{"line":43,"column":13}},"14":{"start":{"line":37,"column":33},"end":{"line":37,"column":98}},"15":{"start":{"line":38,"column":16},"end":{"line":38,"column":59}},"16":{"start":{"line":39,"column":16},"end":{"line":39,"column":36}},"17":{"start":{"line":41,"column":16},"end":{"line":41,"column":68}},"18":{"start":{"line":42,"column":16},"end":{"line":42,"column":36}},"19":{"start":{"line":45,"column":8},"end":{"line":45,"column":23}},"20":{"start":{"line":48,"column":29},"end":{"line":50,"column":5}},"21":{"start":{"line":49,"column":8},"end":{"line":49,"column":70}},"22":{"start":{"line":52,"column":29},"end":{"line":79,"column":5}},"23":{"start":{"line":53,"column":8},"end":{"line":56,"column":9}},"24":{"start":{"line":54,"column":12},"end":{"line":54,"column":66}},"25":{"start":{"line":55,"column":12},"end":{"line":55,"column":19}},"26":{"start":{"line":57,"column":8},"end":{"line":78,"column":9}},"27":{"start":{"line":58,"column":29},"end":{"line":61,"column":13}},"28":{"start":{"line":62,"column":12},"end":{"line":62,"column":46}},"29":{"start":{"line":63,"column":12},"end":{"line":63,"column":59}},"30":{"start":{"line":65,"column":12},"end":{"line":65,"column":61}},"31":{"start":{"line":67,"column":12},"end":{"line":77,"column":13}},"32":{"start":{"line":68,"column":16},"end":{"line":74,"column":17}},"33":{"start":{"line":69,"column":20},"end":{"line":69,"column":58}},"34":{"start":{"line":71,"column":20},"end":{"line":73,"column":23}},"35":{"start":{"line":76,"column":16},"end":{"line":76,"column":70}},"36":{"start":{"line":81,"column":25},"end":{"line":83,"column":5}},"37":{"start":{"line":82,"column":8},"end":{"line":82,"column":54}},"38":{"start":{"line":85,"column":4},"end":{"line":87,"column":5}},"39":{"start":{"line":86,"column":8},"end":{"line":86,"column":38}},"40":{"start":{"line":89,"column":4},"end":{"line":217,"column":6}},"41":{"start":{"line":194,"column":50},"end":{"line":194,"column":104}},"42":{"start":{"line":195,"column":32},"end":{"line":203,"column":34}}},"fnMap":{"0":{"name":"(anonymous_0)","decl":{"start":{"line":5,"column":24},"end":{"line":5,"column":25}},"loc":{"start":{"line":5,"column":36},"end":{"line":10,"column":1}},"line":5},"1":{"name":"Checkout","decl":{"start":{"line":12,"column":24},"end":{"line":12,"column":32}},"loc":{"start":{"line":12,"column":35},"end":{"line":218,"column":1}},"line":12},"2":{"name":"(anonymous_2)","decl":{"start":{"line":29,"column":14},"end":{"line":29,"column":15}},"loc":{"start":{"line":29,"column":20},"end":{"line":46,"column":5}},"line":29},"3":{"name":"(anonymous_3)","decl":{"start":{"line":35,"column":29},"end":{"line":35,"column":30}},"loc":{"start":{"line":35,"column":41},"end":{"line":44,"column":9}},"line":35},"4":{"name":"(anonymous_4)","decl":{"start":{"line":48,"column":29},"end":{"line":48,"column":30}},"loc":{"start":{"line":48,"column":36},"end":{"line":50,"column":5}},"line":48},"5":{"name":"(anonymous_5)","decl":{"start":{"line":52,"column":29},"end":{"line":52,"column":30}},"loc":{"start":{"line":52,"column":41},"end":{"line":79,"column":5}},"line":52},"6":{"name":"(anonymous_6)","decl":{"start":{"line":81,"column":45},"end":{"line":81,"column":46}},"loc":{"start":{"line":82,"column":8},"end":{"line":82,"column":54}},"line":82},"7":{"name":"(anonymous_7)","decl":{"start":{"line":193,"column":46},"end":{"line":193,"column":47}},"loc":{"start":{"line":193,"column":54},"end":{"line":204,"column":29}},"line":193}},"branchMap":{"0":{"loc":{"start":{"line":30,"column":8},"end":{"line":34,"column":9}},"type":"if","locations":[{"start":{"line":30,"column":8},"end":{"line":34,"column":9}},{"start":{},"end":{}}],"line":30},"1":{"loc":{"start":{"line":38,"column":32},"end":{"line":38,"column":57}},"type":"binary-expr","locations":[{"start":{"line":38,"column":32},"end":{"line":38,"column":51}},{"start":{"line":38,"column":55},"end":{"line":38,"column":57}}],"line":38},"2":{"loc":{"start":{"line":53,"column":8},"end":{"line":56,"column":9}},"type":"if","locations":[{"start":{"line":53,"column":8},"end":{"line":56,"column":9}},{"start":{},"end":{}}],"line":53},"3":{"loc":{"start":{"line":53,"column":12},"end":{"line":53,"column":67}},"type":"binary-expr","locations":[{"start":{"line":53,"column":12},"end":{"line":53,"column":28}},{"start":{"line":53,"column":32},"end":{"line":53,"column":48}},{"start":{"line":53,"column":52},"end":{"line":53,"column":67}}],"line":53},"4":{"loc":{"start":{"line":67,"column":12},"end":{"line":77,"column":13}},"type":"if","locations":[{"start":{"line":67,"column":12},"end":{"line":77,"column":13}},{"start":{"line":75,"column":19},"end":{"line":77,"column":13}}],"line":67},"5":{"loc":{"start":{"line":68,"column":16},"end":{"line":74,"column":17}},"type":"if","locations":[{"start":{"line":68,"column":16},"end":{"line":74,"column":17}},{"start":{"line":70,"column":23},"end":{"line":74,"column":17}}],"line":68},"6":{"loc":{"start":{"line":85,"column":4},"end":{"line":87,"column":5}},"type":"if","locations":[{"start":{"line":85,"column":4},"end":{"line":87,"column":5}},{"start":{},"end":{}}],"line":85}},"s":{"0":1,"1":16,"2":6,"3":6,"4":6,"5":6,"6":6,"7":6,"8":2,"9":0,"10":0,"11":0,"12":2,"13":2,"14":2,"15":2,"16":2,"17":0,"18":0,"19":2,"20":6,"21":3,"22":6,"23":1,"24":0,"25":0,"26":1,"27":1,"28":1,"29":1,"30":0,"31":0,"32":0,"33":0,"34":0,"35":0,"36":6,"37":4,"38":6,"39":2,"40":4,"41":4,"42":4},"f":{"0":16,"1":6,"2":2,"3":2,"4":3,"5":1,"6":4,"7":4},"b":{"0":[0,2],"1":[2,0],"2":[0,1],"3":[1,1,1],"4":[0,0],"5":[0,0],"6":[2,4]},"_coverageSchema":"1a1c01bbd47fc00a2c39e90264f33305004495a9","hash":"728010a6093acf7e427035364023922abee27d5a"}
,"C:\\Users\\braya\\Desktop\\Fullstack 2.1\\Xitomota\\Xitomota\\src\\Paginas\\Checkout\\PagoFallido.jsx": {"path":"C:\\Users\\braya\\Desktop\\Fullstack 2.1\\Xitomota\\Xitomota\\src\\Paginas\\Checkout\\PagoFallido.jsx","statementMap":{"0":{"start":{"line":4,"column":24},"end":{"line":9,"column":1}},"1":{"start":{"line":5,"column":4},"end":{"line":8,"column":22}},"2":{"start":{"line":12,"column":21},"end":{"line":12,"column":34}},"3":{"start":{"line":13,"column":21},"end":{"line":13,"column":34}},"4":{"start":{"line":15,"column":39},"end":{"line":15,"column":59}},"5":{"start":{"line":17,"column":25},"end":{"line":19,"column":5}},"6":{"start":{"line":18,"column":8},"end":{"line":18,"column":30}},"7":{"start":{"line":21,"column":4},"end":{"line":31,"column":5}},"8":{"start":{"line":22,"column":8},"end":{"line":30,"column":10}},"9":{"start":{"line":27,"column":43},"end":{"line":27,"column":63}},"10":{"start":{"line":33,"column":4},"end":{"line":137,"column":6}},"11":{"start":{"line":112,"column":36},"end":{"line":124,"column":41}}},"fnMap":{"0":{"name":"(anonymous_0)","decl":{"start":{"line":4,"column":24},"end":{"line":4,"column":25}},"loc":{"start":{"line":4,"column":36},"end":{"line":9,"column":1}},"line":4},"1":{"name":"PagoFallido","decl":{"start":{"line":11,"column":24},"end":{"line":11,"column":35}},"loc":{"start":{"line":11,"column":38},"end":{"line":138,"column":1}},"line":11},"2":{"name":"(anonymous_2)","decl":{"start":{"line":17,"column":25},"end":{"line":17,"column":26}},"loc":{"start":{"line":17,"column":31},"end":{"line":19,"column":5}},"line":17},"3":{"name":"(anonymous_3)","decl":{"start":{"line":27,"column":37},"end":{"line":27,"column":38}},"loc":{"start":{"line":27,"column":43},"end":{"line":27,"column":63}},"line":27},"4":{"name":"(anonymous_4)","decl":{"start":{"line":111,"column":43},"end":{"line":111,"column":44}},"loc":{"start":{"line":112,"column":36},"end":{"line":124,"column":41}},"line":112}},"branchMap":{"0":{"loc":{"start":{"line":15,"column":39},"end":{"line":15,"column":59}},"type":"binary-expr","locations":[{"start":{"line":15,"column":39},"end":{"line":15,"column":53}},{"start":{"line":15,"column":57},"end":{"line":15,"column":59}}],"line":15},"1":{"loc":{"start":{"line":21,"column":4},"end":{"line":31,"column":5}},"type":"if","locations":[{"start":{"line":21,"column":4},"end":{"line":31,"column":5}},{"start":{},"end":{}}],"line":21},"2":{"loc":{"start":{"line":21,"column":8},"end":{"line":21,"column":27}},"type":"binary-expr","locations":[{"start":{"line":21,"column":8},"end":{"line":21,"column":17}},{"start":{"line":21,"column":21},"end":{"line":21,"column":27}}],"line":21}},"s":{"0":1,"1":3,"2":2,"3":2,"4":2,"5":2,"6":0,"7":2,"8":1,"9":0,"10":1,"11":1},"f":{"0":3,"1":2,"2":0,"3":0,"4":1},"b":{"0":[2,1],"1":[1,1],"2":[2,1]},"_coverageSchema":"1a1c01bbd47fc00a2c39e90264f33305004495a9","hash":"eddd0879b958de32106104f061dfa1c006b262d7"}
,"C:\\Users\\braya\\Desktop\\Fullstack 2.1\\Xitomota\\Xitomota\\src\\Paginas\\Checkout\\PagoRealizado.jsx": {"path":"C:\\Users\\braya\\Desktop\\Fullstack 2.1\\Xitomota\\Xitomota\\src\\Paginas\\Checkout\\PagoRealizado.jsx","statementMap":{"0":{"start":{"line":5,"column":24},"end":{"line":10,"column":1}},"1":{"start":{"line":6,"column":4},"end":{"line":9,"column":22}},"2":{"start":{"line":13,"column":24},"end":{"line":13,"column":35}},"3":{"start":{"line":15,"column":30},"end":{"line":15,"column":44}},"4":{"start":{"line":16,"column":38},"end":{"line":16,"column":52}},"5":{"start":{"line":18,"column":4},"end":{"line":34,"column":18}},"6":{"start":{"line":19,"column":27},"end":{"line":29,"column":9}},"7":{"start":{"line":20,"column":12},"end":{"line":28,"column":13}},"8":{"start":{"line":21,"column":33},"end":{"line":21,"column":97}},"9":{"start":{"line":22,"column":16},"end":{"line":22,"column":40}},"10":{"start":{"line":23,"column":16},"end":{"line":23,"column":36}},"11":{"start":{"line":25,"column":16},"end":{"line":25,"column":66}},"12":{"start":{"line":26,"column":16},"end":{"line":26,"column":36}},"13":{"start":{"line":31,"column":8},"end":{"line":33,"column":9}},"14":{"start":{"line":32,"column":12},"end":{"line":32,"column":25}},"15":{"start":{"line":36,"column":4},"end":{"line":38,"column":5}},"16":{"start":{"line":37,"column":8},"end":{"line":37,"column":51}},"17":{"start":{"line":40,"column":4},"end":{"line":42,"column":5}},"18":{"start":{"line":41,"column":8},"end":{"line":41,"column":64}},"19":{"start":{"line":44,"column":4},"end":{"line":153,"column":6}},"20":{"start":{"line":119,"column":51},"end":{"line":119,"column":96}},"21":{"start":{"line":121,"column":36},"end":{"line":135,"column":38}},"22":{"start":{"line":146,"column":72},"end":{"line":146,"column":86}}},"fnMap":{"0":{"name":"(anonymous_0)","decl":{"start":{"line":5,"column":24},"end":{"line":5,"column":25}},"loc":{"start":{"line":5,"column":36},"end":{"line":10,"column":1}},"line":5},"1":{"name":"PagoRealizado","decl":{"start":{"line":12,"column":24},"end":{"line":12,"column":37}},"loc":{"start":{"line":12,"column":40},"end":{"line":154,"column":1}},"line":12},"2":{"name":"(anonymous_2)","decl":{"start":{"line":18,"column":14},"end":{"line":18,"column":15}},"loc":{"start":{"line":18,"column":20},"end":{"line":34,"column":5}},"line":18},"3":{"name":"(anonymous_3)","decl":{"start":{"line":19,"column":27},"end":{"line":19,"column":28}},"loc":{"start":{"line":19,"column":39},"end":{"line":29,"column":9}},"line":19},"4":{"name":"(anonymous_4)","decl":{"start":{"line":118,"column":49},"end":{"line":118,"column":50}},"loc":{"start":{"line":118,"column":57},"end":{"line":136,"column":33}},"line":118},"5":{"name":"(anonymous_5)","decl":{"start":{"line":146,"column":66},"end":{"line":146,"column":67}},"loc":{"start":{"line":146,"column":72},"end":{"line":146,"column":86}},"line":146}},"branchMap":{"0":{"loc":{"start":{"line":31,"column":8},"end":{"line":33,"column":9}},"type":"if","locations":[{"start":{"line":31,"column":8},"end":{"line":33,"column":9}},{"start":{},"end":{}}],"line":31},"1":{"loc":{"start":{"line":36,"column":4},"end":{"line":38,"column":5}},"type":"if","locations":[{"start":{"line":36,"column":4},"end":{"line":38,"column":5}},{"start":{},"end":{}}],"line":36},"2":{"loc":{"start":{"line":40,"column":4},"end":{"line":42,"column":5}},"type":"if","locations":[{"start":{"line":40,"column":4},"end":{"line":42,"column":5}},{"start":{},"end":{}}],"line":40}},"s":{"0":1,"1":3,"2":4,"3":4,"4":4,"5":4,"6":2,"7":2,"8":2,"9":1,"10":1,"11":1,"12":1,"13":2,"14":2,"15":4,"16":2,"17":2,"18":1,"19":1,"20":1,"21":1,"22":0},"f":{"0":3,"1":4,"2":2,"3":2,"4":1,"5":0},"b":{"0":[2,0],"1":[2,2],"2":[1,1]},"_coverageSchema":"1a1c01bbd47fc00a2c39e90264f33305004495a9","hash":"46c5713732130a81098be890ee8813fd5270e151"}
,"C:\\Users\\braya\\Desktop\\Fullstack 2.1\\Xitomota\\Xitomota\\src\\Paginas\\Contacto\\Contacto.jsx": {"path":"C:\\Users\\braya\\Desktop\\Fullstack 2.1\\Xitomota\\Xitomota\\src\\Paginas\\Contacto\\Contacto.jsx","statementMap":{"0":{"start":{"line":4,"column":32},"end":{"line":4,"column":44}},"1":{"start":{"line":5,"column":32},"end":{"line":5,"column":44}},"2":{"start":{"line":6,"column":40},"end":{"line":6,"column":52}},"3":{"start":{"line":8,"column":25},"end":{"line":14,"column":5}},"4":{"start":{"line":9,"column":8},"end":{"line":9,"column":27}},"5":{"start":{"line":10,"column":8},"end":{"line":10,"column":46}},"6":{"start":{"line":11,"column":8},"end":{"line":11,"column":22}},"7":{"start":{"line":12,"column":8},"end":{"line":12,"column":22}},"8":{"start":{"line":13,"column":8},"end":{"line":13,"column":26}},"9":{"start":{"line":16,"column":26},"end":{"line":20,"column":5}},"10":{"start":{"line":17,"column":8},"end":{"line":17,"column":22}},"11":{"start":{"line":18,"column":8},"end":{"line":18,"column":22}},"12":{"start":{"line":19,"column":8},"end":{"line":19,"column":26}},"13":{"start":{"line":22,"column":4},"end":{"line":72,"column":6}},"14":{"start":{"line":36,"column":45},"end":{"line":36,"column":70}},"15":{"start":{"line":48,"column":45},"end":{"line":48,"column":70}},"16":{"start":{"line":60,"column":45},"end":{"line":60,"column":74}}},"fnMap":{"0":{"name":"Contacto","decl":{"start":{"line":3,"column":24},"end":{"line":3,"column":32}},"loc":{"start":{"line":3,"column":35},"end":{"line":73,"column":1}},"line":3},"1":{"name":"(anonymous_1)","decl":{"start":{"line":8,"column":25},"end":{"line":8,"column":26}},"loc":{"start":{"line":8,"column":32},"end":{"line":14,"column":5}},"line":8},"2":{"name":"(anonymous_2)","decl":{"start":{"line":16,"column":26},"end":{"line":16,"column":27}},"loc":{"start":{"line":16,"column":32},"end":{"line":20,"column":5}},"line":16},"3":{"name":"(anonymous_3)","decl":{"start":{"line":36,"column":38},"end":{"line":36,"column":39}},"loc":{"start":{"line":36,"column":45},"end":{"line":36,"column":70}},"line":36},"4":{"name":"(anonymous_4)","decl":{"start":{"line":48,"column":38},"end":{"line":48,"column":39}},"loc":{"start":{"line":48,"column":45},"end":{"line":48,"column":70}},"line":48},"5":{"name":"(anonymous_5)","decl":{"start":{"line":60,"column":38},"end":{"line":60,"column":39}},"loc":{"start":{"line":60,"column":45},"end":{"line":60,"column":74}},"line":60}},"branchMap":{},"s":{"0":15,"1":15,"2":15,"3":15,"4":1,"5":1,"6":1,"7":1,"8":1,"9":15,"10":1,"11":1,"12":1,"13":15,"14":3,"15":3,"16":3},"f":{"0":15,"1":1,"2":1,"3":3,"4":3,"5":3},"b":{},"_coverageSchema":"1a1c01bbd47fc00a2c39e90264f33305004495a9","hash":"7e73bdd22e21c83bef5fb1354db60ec3a82e1b1c"}
,"C:\\Users\\braya\\Desktop\\Fullstack 2.1\\Xitomota\\Xitomota\\src\\Paginas\\Home\\Home.jsx": {"path":"C:\\Users\\braya\\Desktop\\Fullstack 2.1\\Xitomota\\Xitomota\\src\\Paginas\\Home\\Home.jsx","statementMap":{"0":{"start":{"line":13,"column":1},"end":{"line":67,"column":3}}},"fnMap":{"0":{"name":"Home","decl":{"start":{"line":12,"column":24},"end":{"line":12,"column":28}},"loc":{"start":{"line":12,"column":31},"end":{"line":68,"column":1}},"line":12}},"branchMap":{},"s":{"0":1},"f":{"0":1},"b":{},"_coverageSchema":"1a1c01bbd47fc00a2c39e90264f33305004495a9","hash":"3cebc39416c3becc5deb1ac1f9fe5726328a4c36"}
,"C:\\Users\\braya\\Desktop\\Fullstack 2.1\\Xitomota\\Xitomota\\src\\Paginas\\Nosotros\\Nosotros.jsx": {"path":"C:\\Users\\braya\\Desktop\\Fullstack 2.1\\Xitomota\\Xitomota\\src\\Paginas\\Nosotros\\Nosotros.jsx","statementMap":{"0":{"start":{"line":4,"column":1},"end":{"line":40,"column":3}}},"fnMap":{"0":{"name":"Nosotros","decl":{"start":{"line":3,"column":24},"end":{"line":3,"column":32}},"loc":{"start":{"line":3,"column":35},"end":{"line":41,"column":1}},"line":3}},"branchMap":{},"s":{"0":4},"f":{"0":4},"b":{},"_coverageSchema":"1a1c01bbd47fc00a2c39e90264f33305004495a9","hash":"d20e85c33fa88c52e5df7788692dc231de55c662"}
,"C:\\Users\\braya\\Desktop\\Fullstack 2.1\\Xitomota\\Xitomota\\src\\Paginas\\Ofertas\\Ofertas.jsx": {"path":"C:\\Users\\braya\\Desktop\\Fullstack 2.1\\Xitomota\\Xitomota\\src\\Paginas\\Ofertas\\Ofertas.jsx","statementMap":{"0":{"start":{"line":8,"column":26},"end":{"line":30,"column":1}},"1":{"start":{"line":33,"column":24},"end":{"line":38,"column":1}},"2":{"start":{"line":34,"column":4},"end":{"line":37,"column":27}},"3":{"start":{"line":41,"column":35},"end":{"line":56,"column":5}},"4":{"start":{"line":42,"column":23},"end":{"line":42,"column":53}},"5":{"start":{"line":44,"column":8},"end":{"line":47,"column":9}},"6":{"start":{"line":45,"column":12},"end":{"line":45,"column":99}},"7":{"start":{"line":46,"column":8},"end":{"line":46,"column":15}},"8":{"start":{"line":49,"column":4},"end":{"line":55,"column":9}},"9":{"start":{"line":50,"column":8},"end":{"line":50,"column":61}},"10":{"start":{"line":53,"column":8},"end":{"line":53,"column":61}},"11":{"start":{"line":54,"column":8},"end":{"line":54,"column":49}},"12":{"start":{"line":59,"column":4},"end":{"line":95,"column":6}},"13":{"start":{"line":67,"column":20},"end":{"line":90,"column":26}},"14":{"start":{"line":85,"column":43},"end":{"line":85,"column":78}}},"fnMap":{"0":{"name":"(anonymous_0)","decl":{"start":{"line":33,"column":24},"end":{"line":33,"column":25}},"loc":{"start":{"line":33,"column":36},"end":{"line":38,"column":1}},"line":33},"1":{"name":"Ofertas","decl":{"start":{"line":40,"column":24},"end":{"line":40,"column":31}},"loc":{"start":{"line":40,"column":34},"end":{"line":96,"column":1}},"line":40},"2":{"name":"(anonymous_2)","decl":{"start":{"line":41,"column":35},"end":{"line":41,"column":36}},"loc":{"start":{"line":41,"column":57},"end":{"line":56,"column":5}},"line":41},"3":{"name":"(anonymous_3)","decl":{"start":{"line":66,"column":39},"end":{"line":66,"column":40}},"loc":{"start":{"line":67,"column":20},"end":{"line":90,"column":26}},"line":67},"4":{"name":"(anonymous_4)","decl":{"start":{"line":85,"column":37},"end":{"line":85,"column":38}},"loc":{"start":{"line":85,"column":43},"end":{"line":85,"column":78}},"line":85}},"branchMap":{"0":{"loc":{"start":{"line":37,"column":14},"end":{"line":37,"column":25}},"type":"binary-expr","locations":[{"start":{"line":37,"column":14},"end":{"line":37,"column":20}},{"start":{"line":37,"column":24},"end":{"line":37,"column":25}}],"line":37},"1":{"loc":{"start":{"line":44,"column":8},"end":{"line":47,"column":9}},"type":"if","locations":[{"start":{"line":44,"column":8},"end":{"line":47,"column":9}},{"start":{},"end":{}}],"line":44}},"s":{"0":1,"1":1,"2":9,"3":3,"4":1,"5":1,"6":0,"7":0,"8":1,"9":1,"10":0,"11":0,"12":3,"13":9,"14":1},"f":{"0":9,"1":3,"2":1,"3":9,"4":1},"b":{"0":[9,0],"1":[0,1]},"_coverageSchema":"1a1c01bbd47fc00a2c39e90264f33305004495a9","hash":"d593a72eebee6f89d413f37d8c6aa802f6463c03"}
,"C:\\Users\\braya\\Desktop\\Fullstack 2.1\\Xitomota\\Xitomota\\src\\Paginas\\Productos\\DetalleProducto.jsx": {"path":"C:\\Users\\braya\\Desktop\\Fullstack 2.1\\Xitomota\\Xitomota\\src\\Paginas\\Productos\\DetalleProducto.jsx","statementMap":{"0":{"start":{"line":6,"column":24},"end":{"line":11,"column":1}},"1":{"start":{"line":7,"column":4},"end":{"line":10,"column":27}},"2":{"start":{"line":14,"column":19},"end":{"line":14,"column":30}},"3":{"start":{"line":15,"column":21},"end":{"line":15,"column":34}},"4":{"start":{"line":16,"column":36},"end":{"line":16,"column":50}},"5":{"start":{"line":17,"column":38},"end":{"line":17,"column":52}},"6":{"start":{"line":18,"column":30},"end":{"line":18,"column":44}},"7":{"start":{"line":19,"column":36},"end":{"line":19,"column":47}},"8":{"start":{"line":22,"column":4},"end":{"line":37,"column":13}},"9":{"start":{"line":23,"column":30},"end":{"line":34,"column":9}},"10":{"start":{"line":24,"column":12},"end":{"line":33,"column":13}},"11":{"start":{"line":26,"column":33},"end":{"line":26,"column":96}},"12":{"start":{"line":27,"column":16},"end":{"line":27,"column":43}},"13":{"start":{"line":28,"column":16},"end":{"line":28,"column":36}},"14":{"start":{"line":30,"column":16},"end":{"line":30,"column":69}},"15":{"start":{"line":31,"column":16},"end":{"line":31,"column":75}},"16":{"start":{"line":32,"column":16},"end":{"line":32,"column":36}},"17":{"start":{"line":36,"column":8},"end":{"line":36,"column":24}},"18":{"start":{"line":40,"column":35},"end":{"line":78,"column":5}},"19":{"start":{"line":42,"column":21},"end":{"line":42,"column":51}},"20":{"start":{"line":44,"column":8},"end":{"line":77,"column":9}},"21":{"start":{"line":46,"column":12},"end":{"line":50,"column":13}},"22":{"start":{"line":47,"column":38},"end":{"line":47,"column":100}},"23":{"start":{"line":48,"column":16},"end":{"line":48,"column":47}},"24":{"start":{"line":49,"column":16},"end":{"line":49,"column":55}},"25":{"start":{"line":53,"column":12},"end":{"line":56,"column":13}},"26":{"start":{"line":54,"column":16},"end":{"line":54,"column":84}},"27":{"start":{"line":55,"column":16},"end":{"line":55,"column":23}},"28":{"start":{"line":57,"column":12},"end":{"line":60,"column":13}},"29":{"start":{"line":58,"column":16},"end":{"line":58,"column":53}},"30":{"start":{"line":59,"column":16},"end":{"line":59,"column":23}},"31":{"start":{"line":63,"column":12},"end":{"line":65,"column":15}},"32":{"start":{"line":67,"column":12},"end":{"line":67,"column":80}},"33":{"start":{"line":68,"column":12},"end":{"line":68,"column":27}},"34":{"start":{"line":71,"column":12},"end":{"line":71,"column":65}},"35":{"start":{"line":72,"column":12},"end":{"line":76,"column":13}},"36":{"start":{"line":73,"column":17},"end":{"line":73,"column":44}},"37":{"start":{"line":75,"column":17},"end":{"line":75,"column":78}},"38":{"start":{"line":80,"column":34},"end":{"line":89,"column":5}},"39":{"start":{"line":81,"column":28},"end":{"line":81,"column":70}},"40":{"start":{"line":82,"column":8},"end":{"line":82,"column":49}},"41":{"start":{"line":82,"column":31},"end":{"line":82,"column":49}},"42":{"start":{"line":84,"column":8},"end":{"line":87,"column":9}},"43":{"start":{"line":85,"column":12},"end":{"line":85,"column":43}},"44":{"start":{"line":86,"column":12},"end":{"line":86,"column":90}},"45":{"start":{"line":88,"column":8},"end":{"line":88,"column":35}},"46":{"start":{"line":91,"column":4},"end":{"line":93,"column":5}},"47":{"start":{"line":92,"column":8},"end":{"line":92,"column":86}},"48":{"start":{"line":95,"column":4},"end":{"line":97,"column":5}},"49":{"start":{"line":96,"column":8},"end":{"line":96,"column":99}},"50":{"start":{"line":99,"column":4},"end":{"line":101,"column":5}},"51":{"start":{"line":100,"column":8},"end":{"line":100,"column":94}},"52":{"start":{"line":103,"column":19},"end":{"line":103,"column":68}},"53":{"start":{"line":105,"column":4},"end":{"line":156,"column":6}}},"fnMap":{"0":{"name":"(anonymous_0)","decl":{"start":{"line":6,"column":24},"end":{"line":6,"column":25}},"loc":{"start":{"line":6,"column":36},"end":{"line":11,"column":1}},"line":6},"1":{"name":"DetalleProducto","decl":{"start":{"line":13,"column":24},"end":{"line":13,"column":39}},"loc":{"start":{"line":13,"column":42},"end":{"line":157,"column":1}},"line":13},"2":{"name":"(anonymous_2)","decl":{"start":{"line":22,"column":14},"end":{"line":22,"column":15}},"loc":{"start":{"line":22,"column":20},"end":{"line":37,"column":5}},"line":22},"3":{"name":"(anonymous_3)","decl":{"start":{"line":23,"column":30},"end":{"line":23,"column":31}},"loc":{"start":{"line":23,"column":42},"end":{"line":34,"column":9}},"line":23},"4":{"name":"(anonymous_4)","decl":{"start":{"line":40,"column":35},"end":{"line":40,"column":36}},"loc":{"start":{"line":40,"column":47},"end":{"line":78,"column":5}},"line":40},"5":{"name":"(anonymous_5)","decl":{"start":{"line":80,"column":34},"end":{"line":80,"column":35}},"loc":{"start":{"line":80,"column":47},"end":{"line":89,"column":5}},"line":80}},"branchMap":{"0":{"loc":{"start":{"line":10,"column":14},"end":{"line":10,"column":25}},"type":"binary-expr","locations":[{"start":{"line":10,"column":14},"end":{"line":10,"column":20}},{"start":{"line":10,"column":24},"end":{"line":10,"column":25}}],"line":10},"1":{"loc":{"start":{"line":46,"column":12},"end":{"line":50,"column":13}},"type":"if","locations":[{"start":{"line":46,"column":12},"end":{"line":50,"column":13}},{"start":{},"end":{}}],"line":46},"2":{"loc":{"start":{"line":53,"column":12},"end":{"line":56,"column":13}},"type":"if","locations":[{"start":{"line":53,"column":12},"end":{"line":56,"column":13}},{"start":{},"end":{}}],"line":53},"3":{"loc":{"start":{"line":57,"column":12},"end":{"line":60,"column":13}},"type":"if","locations":[{"start":{"line":57,"column":12},"end":{"line":60,"column":13}},{"start":{},"end":{}}],"line":57},"4":{"loc":{"start":{"line":72,"column":12},"end":{"line":76,"column":13}},"type":"if","locations":[{"start":{"line":72,"column":12},"end":{"line":76,"column":13}},{"start":{"line":74,"column":19},"end":{"line":76,"column":13}}],"line":72},"5":{"loc":{"start":{"line":72,"column":16},"end":{"line":72,"column":63}},"type":"binary-expr","locations":[{"start":{"line":72,"column":16},"end":{"line":72,"column":30}},{"start":{"line":72,"column":34},"end":{"line":72,"column":63}}],"line":72},"6":{"loc":{"start":{"line":81,"column":40},"end":{"line":81,"column":69}},"type":"binary-expr","locations":[{"start":{"line":81,"column":40},"end":{"line":81,"column":64}},{"start":{"line":81,"column":68},"end":{"line":81,"column":69}}],"line":81},"7":{"loc":{"start":{"line":82,"column":8},"end":{"line":82,"column":49}},"type":"if","locations":[{"start":{"line":82,"column":8},"end":{"line":82,"column":49}},{"start":{},"end":{}}],"line":82},"8":{"loc":{"start":{"line":84,"column":8},"end":{"line":87,"column":9}},"type":"if","locations":[{"start":{"line":84,"column":8},"end":{"line":87,"column":9}},{"start":{},"end":{}}],"line":84},"9":{"loc":{"start":{"line":84,"column":12},"end":{"line":84,"column":54}},"type":"binary-expr","locations":[{"start":{"line":84,"column":12},"end":{"line":84,"column":20}},{"start":{"line":84,"column":24},"end":{"line":84,"column":54}}],"line":84},"10":{"loc":{"start":{"line":91,"column":4},"end":{"line":93,"column":5}},"type":"if","locations":[{"start":{"line":91,"column":4},"end":{"line":93,"column":5}},{"start":{},"end":{}}],"line":91},"11":{"loc":{"start":{"line":95,"column":4},"end":{"line":97,"column":5}},"type":"if","locations":[{"start":{"line":95,"column":4},"end":{"line":97,"column":5}},{"start":{},"end":{}}],"line":95},"12":{"loc":{"start":{"line":99,"column":4},"end":{"line":101,"column":5}},"type":"if","locations":[{"start":{"line":99,"column":4},"end":{"line":101,"column":5}},{"start":{},"end":{}}],"line":99},"13":{"loc":{"start":{"line":116,"column":61},"end":{"line":116,"column":106}},"type":"binary-expr","locations":[{"start":{"line":116,"column":61},"end":{"line":116,"column":87}},{"start":{"line":116,"column":91},"end":{"line":116,"column":106}}],"line":116},"14":{"loc":{"start":{"line":120,"column":17},"end":{"line":128,"column":17}},"type":"cond-expr","locations":[{"start":{"line":121,"column":20},"end":{"line":121,"column":105}},{"start":{"line":123,"column":20},"end":{"line":127,"column":21}}],"line":120},"15":{"loc":{"start":{"line":123,"column":20},"end":{"line":127,"column":21}},"type":"cond-expr","locations":[{"start":{"line":124,"column":24},"end":{"line":124,"column":107}},{"start":{"line":126,"column":24},"end":{"line":126,"column":79}}],"line":123},"16":{"loc":{"start":{"line":129,"column":17},"end":{"line":152,"column":17}},"type":"cond-expr","locations":[{"start":{"line":130,"column":20},"end":{"line":147,"column":23}},{"start":{"line":149,"column":20},"end":{"line":151,"column":29}}],"line":129}},"s":{"0":1,"1":8,"2":14,"3":14,"4":14,"5":14,"6":14,"7":14,"8":14,"9":5,"10":5,"11":5,"12":4,"13":4,"14":1,"15":1,"16":1,"17":5,"18":14,"19":2,"20":2,"21":2,"22":1,"23":1,"24":1,"25":2,"26":0,"27":0,"28":2,"29":0,"30":0,"31":2,"32":2,"33":2,"34":0,"35":0,"36":0,"37":0,"38":14,"39":3,"40":3,"41":0,"42":3,"43":2,"44":2,"45":3,"46":14,"47":5,"48":9,"49":1,"50":8,"51":0,"52":8,"53":8},"f":{"0":8,"1":14,"2":5,"3":5,"4":2,"5":3},"b":{"0":[8,0],"1":[1,1],"2":[0,2],"3":[0,2],"4":[0,0],"5":[0,0],"6":[3,1],"7":[0,3],"8":[2,1],"9":[3,3],"10":[5,9],"11":[1,8],"12":[0,8],"13":[8,0],"14":[0,8],"15":[8,0],"16":[8,0]},"_coverageSchema":"1a1c01bbd47fc00a2c39e90264f33305004495a9","hash":"d5f780980b44e98d43113b420138e35d9c13a7a6"}
,"C:\\Users\\braya\\Desktop\\Fullstack 2.1\\Xitomota\\Xitomota\\src\\Paginas\\Productos\\Producto.jsx": {"path":"C:\\Users\\braya\\Desktop\\Fullstack 2.1\\Xitomota\\Xitomota\\src\\Paginas\\Productos\\Producto.jsx","statementMap":{"0":{"start":{"line":7,"column":36},"end":{"line":7,"column":48}},"1":{"start":{"line":9,"column":4},"end":{"line":20,"column":11}},"2":{"start":{"line":10,"column":29},"end":{"line":17,"column":7}},"3":{"start":{"line":11,"column":8},"end":{"line":16,"column":9}},"4":{"start":{"line":12,"column":27},"end":{"line":12,"column":91}},"5":{"start":{"line":13,"column":10},"end":{"line":13,"column":38}},"6":{"start":{"line":15,"column":10},"end":{"line":15,"column":66}},"7":{"start":{"line":19,"column":6},"end":{"line":19,"column":23}},"8":{"start":{"line":22,"column":4},"end":{"line":31,"column":6}},"9":{"start":{"line":27,"column":14},"end":{"line":27,"column":71}}},"fnMap":{"0":{"name":"Productos","decl":{"start":{"line":5,"column":24},"end":{"line":5,"column":33}},"loc":{"start":{"line":5,"column":36},"end":{"line":32,"column":1}},"line":5},"1":{"name":"(anonymous_1)","decl":{"start":{"line":9,"column":14},"end":{"line":9,"column":15}},"loc":{"start":{"line":9,"column":20},"end":{"line":20,"column":5}},"line":9},"2":{"name":"(anonymous_2)","decl":{"start":{"line":10,"column":29},"end":{"line":10,"column":30}},"loc":{"start":{"line":10,"column":41},"end":{"line":17,"column":7}},"line":10},"3":{"name":"(anonymous_3)","decl":{"start":{"line":26,"column":27},"end":{"line":26,"column":28}},"loc":{"start":{"line":27,"column":14},"end":{"line":27,"column":71}},"line":27}},"branchMap":{},"s":{"0":3,"1":3,"2":2,"3":2,"4":2,"5":2,"6":0,"7":2,"8":3,"9":2},"f":{"0":3,"1":2,"2":2,"3":2},"b":{},"_coverageSchema":"1a1c01bbd47fc00a2c39e90264f33305004495a9","hash":"ca53806187c46ad9328a678d6c21ffa32988a5cb"}
,"C:\\Users\\braya\\Desktop\\Fullstack 2.1\\Xitomota\\Xitomota\\src\\Paginas\\Productos\\TarjetaProducto.jsx": {"path":"C:\\Users\\braya\\Desktop\\Fullstack 2.1\\Xitomota\\Xitomota\\src\\Paginas\\Productos\\TarjetaProducto.jsx","statementMap":{"0":{"start":{"line":6,"column":24},"end":{"line":11,"column":1}},"1":{"start":{"line":7,"column":2},"end":{"line":10,"column":20}},"2":{"start":{"line":16,"column":36},"end":{"line":16,"column":53}},"3":{"start":{"line":17,"column":22},"end":{"line":17,"column":71}},"4":{"start":{"line":20,"column":35},"end":{"line":58,"column":5}},"5":{"start":{"line":22,"column":21},"end":{"line":22,"column":51}},"6":{"start":{"line":24,"column":8},"end":{"line":57,"column":9}},"7":{"start":{"line":26,"column":12},"end":{"line":30,"column":13}},"8":{"start":{"line":27,"column":38},"end":{"line":27,"column":100}},"9":{"start":{"line":28,"column":16},"end":{"line":28,"column":47}},"10":{"start":{"line":29,"column":16},"end":{"line":29,"column":55}},"11":{"start":{"line":33,"column":12},"end":{"line":36,"column":13}},"12":{"start":{"line":34,"column":16},"end":{"line":34,"column":84}},"13":{"start":{"line":35,"column":16},"end":{"line":35,"column":23}},"14":{"start":{"line":37,"column":12},"end":{"line":40,"column":13}},"15":{"start":{"line":38,"column":16},"end":{"line":38,"column":53}},"16":{"start":{"line":39,"column":16},"end":{"line":39,"column":23}},"17":{"start":{"line":43,"column":12},"end":{"line":45,"column":15}},"18":{"start":{"line":47,"column":12},"end":{"line":47,"column":80}},"19":{"start":{"line":48,"column":12},"end":{"line":48,"column":27}},"20":{"start":{"line":51,"column":12},"end":{"line":51,"column":65}},"21":{"start":{"line":52,"column":12},"end":{"line":56,"column":13}},"22":{"start":{"line":53,"column":17},"end":{"line":53,"column":44}},"23":{"start":{"line":55,"column":17},"end":{"line":55,"column":78}},"24":{"start":{"line":60,"column":34},"end":{"line":68,"column":5}},"25":{"start":{"line":61,"column":26},"end":{"line":61,"column":68}},"26":{"start":{"line":63,"column":6},"end":{"line":66,"column":7}},"27":{"start":{"line":64,"column":8},"end":{"line":64,"column":39}},"28":{"start":{"line":65,"column":8},"end":{"line":65,"column":86}},"29":{"start":{"line":67,"column":6},"end":{"line":67,"column":33}},"30":{"start":{"line":70,"column":4},"end":{"line":119,"column":6}}},"fnMap":{"0":{"name":"(anonymous_0)","decl":{"start":{"line":6,"column":24},"end":{"line":6,"column":25}},"loc":{"start":{"line":6,"column":36},"end":{"line":11,"column":1}},"line":6},"1":{"name":"TarjetaProducto","decl":{"start":{"line":14,"column":24},"end":{"line":14,"column":39}},"loc":{"start":{"line":14,"column":79},"end":{"line":120,"column":1}},"line":14},"2":{"name":"(anonymous_2)","decl":{"start":{"line":20,"column":35},"end":{"line":20,"column":36}},"loc":{"start":{"line":20,"column":47},"end":{"line":58,"column":5}},"line":20},"3":{"name":"(anonymous_3)","decl":{"start":{"line":60,"column":34},"end":{"line":60,"column":35}},"loc":{"start":{"line":60,"column":41},"end":{"line":68,"column":5}},"line":60}},"branchMap":{"0":{"loc":{"start":{"line":14,"column":52},"end":{"line":14,"column":75}},"type":"default-arg","locations":[{"start":{"line":14,"column":71},"end":{"line":14,"column":75}}],"line":14},"1":{"loc":{"start":{"line":26,"column":12},"end":{"line":30,"column":13}},"type":"if","locations":[{"start":{"line":26,"column":12},"end":{"line":30,"column":13}},{"start":{},"end":{}}],"line":26},"2":{"loc":{"start":{"line":33,"column":12},"end":{"line":36,"column":13}},"type":"if","locations":[{"start":{"line":33,"column":12},"end":{"line":36,"column":13}},{"start":{},"end":{}}],"line":33},"3":{"loc":{"start":{"line":37,"column":12},"end":{"line":40,"column":13}},"type":"if","locations":[{"start":{"line":37,"column":12},"end":{"line":40,"column":13}},{"start":{},"end":{}}],"line":37},"4":{"loc":{"start":{"line":52,"column":12},"end":{"line":56,"column":13}},"type":"if","locations":[{"start":{"line":52,"column":12},"end":{"line":56,"column":13}},{"start":{"line":54,"column":19},"end":{"line":56,"column":13}}],"line":52},"5":{"loc":{"start":{"line":52,"column":16},"end":{"line":52,"column":63}},"type":"binary-expr","locations":[{"start":{"line":52,"column":16},"end":{"line":52,"column":30}},{"start":{"line":52,"column":34},"end":{"line":52,"column":63}}],"line":52},"6":{"loc":{"start":{"line":61,"column":38},"end":{"line":61,"column":67}},"type":"binary-expr","locations":[{"start":{"line":61,"column":38},"end":{"line":61,"column":62}},{"start":{"line":61,"column":66},"end":{"line":61,"column":67}}],"line":61},"7":{"loc":{"start":{"line":63,"column":6},"end":{"line":66,"column":7}},"type":"if","locations":[{"start":{"line":63,"column":6},"end":{"line":66,"column":7}},{"start":{},"end":{}}],"line":63},"8":{"loc":{"start":{"line":81,"column":15},"end":{"line":83,"column":15}},"type":"binary-expr","locations":[{"start":{"line":81,"column":15},"end":{"line":81,"column":31}},{"start":{"line":81,"column":35},"end":{"line":81,"column":53}},{"start":{"line":82,"column":16},"end":{"line":82,"column":61}}],"line":81},"9":{"loc":{"start":{"line":86,"column":13},"end":{"line":94,"column":13}},"type":"cond-expr","locations":[{"start":{"line":87,"column":14},"end":{"line":87,"column":99}},{"start":{"line":89,"column":14},"end":{"line":93,"column":15}}],"line":86},"10":{"loc":{"start":{"line":89,"column":14},"end":{"line":93,"column":15}},"type":"cond-expr","locations":[{"start":{"line":90,"column":16},"end":{"line":90,"column":99}},{"start":{"line":92,"column":16},"end":{"line":92,"column":71}}],"line":89},"11":{"loc":{"start":{"line":96,"column":15},"end":{"line":114,"column":15}},"type":"cond-expr","locations":[{"start":{"line":97,"column":16},"end":{"line":109,"column":19}},{"start":{"line":111,"column":16},"end":{"line":113,"column":25}}],"line":96}},"s":{"0":7,"1":22,"2":22,"3":22,"4":22,"5":3,"6":3,"7":3,"8":1,"9":1,"10":1,"11":3,"12":0,"13":0,"14":3,"15":0,"16":0,"17":3,"18":2,"19":2,"20":1,"21":1,"22":0,"23":1,"24":22,"25":6,"26":6,"27":2,"28":2,"29":6,"30":22},"f":{"0":22,"1":22,"2":3,"3":6},"b":{"0":[10],"1":[1,2],"2":[0,3],"3":[0,3],"4":[0,1],"5":[1,0],"6":[6,2],"7":[2,4],"8":[22,10,10],"9":[1,21],"10":[8,13],"11":[9,13]},"_coverageSchema":"1a1c01bbd47fc00a2c39e90264f33305004495a9","hash":"ca87b9123feeaf893eec9ec0ba72af1e874dec27"}
,"C:\\Users\\braya\\Desktop\\Fullstack 2.1\\Xitomota\\Xitomota\\src\\componentes\\Footer.jsx": {"path":"C:\\Users\\braya\\Desktop\\Fullstack 2.1\\Xitomota\\Xitomota\\src\\componentes\\Footer.jsx","statementMap":{"0":{"start":{"line":4,"column":4},"end":{"line":42,"column":6}}},"fnMap":{"0":{"name":"Footer","decl":{"start":{"line":3,"column":9},"end":{"line":3,"column":15}},"loc":{"start":{"line":3,"column":18},"end":{"line":43,"column":1}},"line":3}},"branchMap":{},"s":{"0":2},"f":{"0":2},"b":{},"_coverageSchema":"1a1c01bbd47fc00a2c39e90264f33305004495a9","hash":"7ea65dc6a8ffa34760a54b252f66e4f5d5b88998"}
,"C:\\Users\\braya\\Desktop\\Fullstack 2.1\\Xitomota\\Xitomota\\src\\componentes\\Header.jsx": {"path":"C:\\Users\\braya\\Desktop\\Fullstack 2.1\\Xitomota\\Xitomota\\src\\componentes\\Header.jsx","statementMap":{"0":{"start":{"line":5,"column":28},"end":{"line":5,"column":43}},"1":{"start":{"line":6,"column":24},"end":{"line":6,"column":36}},"2":{"start":{"line":8,"column":23},"end":{"line":15,"column":5}},"3":{"start":{"line":17,"column":21},"end":{"line":17,"column":34}},"4":{"start":{"line":18,"column":42},"end":{"line":18,"column":57}},"5":{"start":{"line":20,"column":21},"end":{"line":20,"column":34}},"6":{"start":{"line":22,"column":34},"end":{"line":22,"column":49}},"7":{"start":{"line":24,"column":4},"end":{"line":40,"column":28}},"8":{"start":{"line":25,"column":24},"end":{"line":25,"column":63}},"9":{"start":{"line":26,"column":20},"end":{"line":26,"column":54}},"10":{"start":{"line":28,"column":8},"end":{"line":28,"column":34}},"11":{"start":{"line":29,"column":8},"end":{"line":29,"column":44}},"12":{"start":{"line":31,"column":36},"end":{"line":37,"column":9}},"13":{"start":{"line":32,"column":28},"end":{"line":32,"column":67}},"14":{"start":{"line":33,"column":24},"end":{"line":33,"column":58}},"15":{"start":{"line":35,"column":12},"end":{"line":35,"column":38}},"16":{"start":{"line":36,"column":12},"end":{"line":36,"column":48}},"17":{"start":{"line":38,"column":8},"end":{"line":38,"column":64}},"18":{"start":{"line":39,"column":8},"end":{"line":39,"column":85}},"19":{"start":{"line":39,"column":23},"end":{"line":39,"column":82}},"20":{"start":{"line":42,"column":31},"end":{"line":51,"column":5}},"21":{"start":{"line":43,"column":8},"end":{"line":50,"column":9}},"22":{"start":{"line":44,"column":12},"end":{"line":44,"column":45}},"23":{"start":{"line":45,"column":12},"end":{"line":45,"column":55}},"24":{"start":{"line":46,"column":12},"end":{"line":46,"column":50}},"25":{"start":{"line":47,"column":12},"end":{"line":47,"column":34}},"26":{"start":{"line":48,"column":12},"end":{"line":48,"column":56}},"27":{"start":{"line":49,"column":12},"end":{"line":49,"column":31}},"28":{"start":{"line":53,"column":4},"end":{"line":61,"column":11}},"29":{"start":{"line":55,"column":12},"end":{"line":57,"column":13}},"30":{"start":{"line":56,"column":16},"end":{"line":56,"column":31}},"31":{"start":{"line":59,"column":8},"end":{"line":59,"column":63}},"32":{"start":{"line":60,"column":8},"end":{"line":60,"column":79}},"33":{"start":{"line":60,"column":21},"end":{"line":60,"column":78}},"34":{"start":{"line":63,"column":4},"end":{"line":173,"column":6}},"35":{"start":{"line":97,"column":47},"end":{"line":97,"column":63}},"36":{"start":{"line":97,"column":60},"end":{"line":97,"column":62}},"37":{"start":{"line":105,"column":40},"end":{"line":113,"column":45}},"38":{"start":{"line":109,"column":63},"end":{"line":109,"column":77}}},"fnMap":{"0":{"name":"Header","decl":{"start":{"line":4,"column":9},"end":{"line":4,"column":15}},"loc":{"start":{"line":4,"column":18},"end":{"line":174,"column":1}},"line":4},"1":{"name":"(anonymous_1)","decl":{"start":{"line":24,"column":14},"end":{"line":24,"column":15}},"loc":{"start":{"line":24,"column":20},"end":{"line":40,"column":5}},"line":24},"2":{"name":"(anonymous_2)","decl":{"start":{"line":31,"column":36},"end":{"line":31,"column":37}},"loc":{"start":{"line":31,"column":42},"end":{"line":37,"column":9}},"line":31},"3":{"name":"(anonymous_3)","decl":{"start":{"line":39,"column":15},"end":{"line":39,"column":16}},"loc":{"start":{"line":39,"column":21},"end":{"line":39,"column":84}},"line":39},"4":{"name":"(anonymous_4)","decl":{"start":{"line":42,"column":31},"end":{"line":42,"column":32}},"loc":{"start":{"line":42,"column":37},"end":{"line":51,"column":5}},"line":42},"5":{"name":"(anonymous_5)","decl":{"start":{"line":53,"column":14},"end":{"line":53,"column":15}},"loc":{"start":{"line":53,"column":20},"end":{"line":61,"column":5}},"line":53},"6":{"name":"handleClickOutside","decl":{"start":{"line":54,"column":17},"end":{"line":54,"column":35}},"loc":{"start":{"line":54,"column":39},"end":{"line":58,"column":9}},"line":54},"7":{"name":"(anonymous_7)","decl":{"start":{"line":60,"column":15},"end":{"line":60,"column":16}},"loc":{"start":{"line":60,"column":21},"end":{"line":60,"column":78}},"line":60},"8":{"name":"(anonymous_8)","decl":{"start":{"line":97,"column":41},"end":{"line":97,"column":42}},"loc":{"start":{"line":97,"column":47},"end":{"line":97,"column":63}},"line":97},"9":{"name":"(anonymous_9)","decl":{"start":{"line":97,"column":55},"end":{"line":97,"column":56}},"loc":{"start":{"line":97,"column":60},"end":{"line":97,"column":62}},"line":97},"10":{"name":"(anonymous_10)","decl":{"start":{"line":104,"column":52},"end":{"line":104,"column":53}},"loc":{"start":{"line":105,"column":40},"end":{"line":113,"column":45}},"line":105},"11":{"name":"(anonymous_11)","decl":{"start":{"line":109,"column":57},"end":{"line":109,"column":58}},"loc":{"start":{"line":109,"column":63},"end":{"line":109,"column":77}},"line":109}},"branchMap":{"0":{"loc":{"start":{"line":43,"column":8},"end":{"line":50,"column":9}},"type":"if","locations":[{"start":{"line":43,"column":8},"end":{"line":50,"column":9}},{"start":{},"end":{}}],"line":43},"1":{"loc":{"start":{"line":55,"column":12},"end":{"line":57,"column":13}},"type":"if","locations":[{"start":{"line":55,"column":12},"end":{"line":57,"column":13}},{"start":{},"end":{}}],"line":55},"2":{"loc":{"start":{"line":55,"column":16},"end":{"line":55,"column":78}},"type":"binary-expr","locations":[{"start":{"line":55,"column":16},"end":{"line":55,"column":35}},{"start":{"line":55,"column":39},"end":{"line":55,"column":78}}],"line":55},"3":{"loc":{"start":{"line":102,"column":29},"end":{"line":116,"column":29}},"type":"binary-expr","locations":[{"start":{"line":102,"column":29},"end":{"line":102,"column":33}},{"start":{"line":103,"column":32},"end":{"line":115,"column":37}}],"line":102},"4":{"loc":{"start":{"line":140,"column":33},"end":{"line":163,"column":33}},"type":"cond-expr","locations":[{"start":{"line":141,"column":36},"end":{"line":158,"column":42}},{"start":{"line":160,"column":36},"end":{"line":162,"column":43}}],"line":140},"5":{"loc":{"start":{"line":142,"column":41},"end":{"line":147,"column":41}},"type":"binary-expr","locations":[{"start":{"line":142,"column":41},"end":{"line":142,"column":48}},{"start":{"line":143,"column":44},"end":{"line":146,"column":47}}],"line":142}},"s":{"0":3,"1":3,"2":3,"3":3,"4":3,"5":3,"6":3,"7":3,"8":1,"9":1,"10":1,"11":1,"12":1,"13":0,"14":0,"15":0,"16":0,"17":1,"18":1,"19":1,"20":3,"21":0,"22":0,"23":0,"24":0,"25":0,"26":0,"27":0,"28":3,"29":1,"30":0,"31":1,"32":1,"33":1,"34":3,"35":1,"36":1,"37":12,"38":0},"f":{"0":3,"1":1,"2":0,"3":1,"4":0,"5":1,"6":1,"7":1,"8":1,"9":1,"10":12,"11":0},"b":{"0":[0,0],"1":[0,1],"2":[1,1],"3":[3,2],"4":[0,3],"5":[0,0]},"_coverageSchema":"1a1c01bbd47fc00a2c39e90264f33305004495a9","hash":"0fdb3a346abc8f9971b30a2ec6bf51810c477e54"}
}
