TN:
SF:src\Paginas\Autentificacion\IniciarSesion.jsx
FN:5,IniciarSesion
FN:11,(anonymous_1)
FN:58,(anonymous_2)
FN:68,(anonymous_3)
FNF:4
FNH:4
FNDA:60,IniciarSesion
FNDA:4,(anonymous_1)
FNDA:31,(anonymous_2)
FNDA:18,(anonymous_3)
DA:6,60
DA:7,60
DA:8,60
DA:9,60
DA:11,60
DA:12,4
DA:13,4
DA:15,4
DA:20,4
DA:21,4
DA:23,2
DA:25,2
DA:26,2
DA:28,2
DA:30,2
DA:31,1
DA:33,1
DA:37,2
DA:38,2
DA:39,1
DA:41,1
DA:46,60
DA:58,31
DA:68,18
LF:24
LH:24
BRDA:30,0,0,1
BRDA:30,0,1,1
BRDA:38,1,0,1
BRDA:38,1,1,1
BRDA:38,2,0,2
BRDA:38,2,1,2
BRDA:50,3,0,60
BRDA:50,3,1,2
BRF:8
BRH:8
end_of_record
TN:
SF:src\Paginas\Autentificacion\RegistroUsuario.jsx
FN:5,RegistroUsuario
FN:14,(anonymous_1)
FN:71,(anonymous_2)
FN:82,(anonymous_3)
FN:93,(anonymous_4)
FN:104,(anonymous_5)
FN:115,(anonymous_6)
FNF:7
FNH:7
FNDA:167,RegistroUsuario
FNDA:5,(anonymous_1)
FNDA:18,(anonymous_2)
FNDA:20,(anonymous_3)
FNDA:69,(anonymous_4)
FNDA:23,(anonymous_5)
FNDA:23,(anonymous_6)
DA:6,167
DA:7,167
DA:8,167
DA:9,167
DA:10,167
DA:11,167
DA:12,167
DA:14,167
DA:15,5
DA:16,5
DA:18,5
DA:19,1
DA:20,1
DA:22,4
DA:23,1
DA:24,1
DA:27,3
DA:35,3
DA:36,3
DA:38,1
DA:40,1
DA:41,1
DA:42,1
DA:43,1
DA:44,1
DA:46,1
DA:49,2
DA:50,2
DA:51,1
DA:53,1
DA:58,167
DA:71,18
DA:82,20
DA:93,69
DA:104,23
DA:115,23
LF:36
LH:36
BRDA:18,0,0,1
BRDA:18,0,1,4
BRDA:22,1,0,1
BRDA:22,1,1,3
BRDA:50,2,0,1
BRDA:50,2,1,1
BRDA:50,3,0,2
BRDA:50,3,1,1
BRDA:50,3,2,1
BRDA:62,4,0,167
BRDA:62,4,1,4
BRF:11
BRH:11
end_of_record
TN:
SF:src\Paginas\Blogs\Blogs.jsx
FN:4,Blogs
FNF:1
FNH:1
FNDA:3,Blogs
DA:6,3
DA:8,3
LF:2
LH:2
BRF:0
BRH:0
end_of_record
TN:
SF:src\Paginas\Carrito\Carrito.jsx
FN:5,(anonymous_0)
FN:12,Carrito
FN:17,(anonymous_2)
FN:18,(anonymous_3)
FN:48,(anonymous_4)
FN:58,(anonymous_5)
FN:59,(anonymous_6)
FN:74,(anonymous_7)
FN:83,(anonymous_8)
FN:86,(anonymous_9)
FN:96,(anonymous_10)
FN:100,(anonymous_11)
FN:101,(anonymous_12)
FN:124,(anonymous_13)
FN:138,(anonymous_14)
FN:140,(anonymous_15)
FN:146,(anonymous_16)
FNF:17
FNH:14
FNDA:15,(anonymous_0)
FNDA:10,Carrito
FNDA:5,(anonymous_2)
FNDA:5,(anonymous_3)
FNDA:2,(anonymous_4)
FNDA:1,(anonymous_5)
FNDA:1,(anonymous_6)
FNDA:1,(anonymous_7)
FNDA:0,(anonymous_8)
FNDA:0,(anonymous_9)
FNDA:6,(anonymous_10)
FNDA:10,(anonymous_11)
FNDA:6,(anonymous_12)
FNDA:6,(anonymous_13)
FNDA:0,(anonymous_14)
FNDA:1,(anonymous_15)
FNDA:1,(anonymous_16)
DA:5,1
DA:6,15
DA:13,10
DA:14,10
DA:15,10
DA:17,10
DA:18,5
DA:19,5
DA:20,5
DA:22,5
DA:23,5
DA:24,4
DA:25,3
DA:26,3
DA:28,1
DA:29,1
DA:30,1
DA:31,1
DA:32,1
DA:35,1
DA:36,1
DA:37,0
DA:38,0
DA:41,5
DA:45,5
DA:48,10
DA:49,2
DA:50,2
DA:51,2
DA:52,2
DA:54,0
DA:58,10
DA:59,1
DA:60,1
DA:62,1
DA:64,1
DA:65,1
DA:68,1
DA:70,0
DA:74,10
DA:75,1
DA:76,1
DA:77,1
DA:79,0
DA:83,10
DA:84,0
DA:85,0
DA:87,0
DA:90,0
DA:92,0
DA:96,10
DA:97,6
DA:100,10
DA:101,10
DA:102,6
DA:106,10
DA:108,10
DA:109,5
DA:112,5
DA:125,6
DA:126,6
DA:128,6
DA:138,0
DA:140,1
DA:146,1
LF:65
LH:54
BRDA:23,0,0,4
BRDA:23,0,1,1
BRDA:25,1,0,3
BRDA:25,1,1,0
BRDA:36,2,0,0
BRDA:36,2,1,1
BRDA:36,3,0,1
BRDA:36,3,1,0
BRDA:49,4,0,0
BRDA:49,4,1,2
BRDA:52,5,0,2
BRDA:52,5,1,0
BRDA:60,6,0,0
BRDA:60,6,1,1
BRDA:108,7,0,5
BRDA:108,7,1,5
BRDA:121,8,0,2
BRDA:121,8,1,3
BRDA:158,9,0,5
BRDA:158,9,1,3
BRF:20
BRH:14
end_of_record
TN:
SF:src\Paginas\Categorias\Buzos\Buzos.jsx
FN:23,Buzos
FN:27,(anonymous_1)
FN:28,(anonymous_2)
FN:46,(anonymous_3)
FN:63,(anonymous_4)
FNF:5
FNH:5
FNDA:4,Buzos
FNDA:3,(anonymous_1)
FNDA:3,(anonymous_2)
FNDA:24,(anonymous_3)
FNDA:2,(anonymous_4)
DA:14,1
DA:25,4
DA:27,4
DA:28,3
DA:29,3
DA:30,3
DA:31,2
DA:33,2
DA:37,3
DA:41,4
DA:47,24
DA:64,2
LF:12
LH:12
BRDA:49,0,0,24
BRDA:49,0,1,0
BRF:2
BRH:1
end_of_record
TN:
SF:src\Paginas\Categorias\Camisas\Camisas.jsx
FN:23,Camisas
FN:28,(anonymous_1)
FN:29,(anonymous_2)
FN:48,(anonymous_3)
FN:66,(anonymous_4)
FNF:5
FNH:5
FNDA:4,Camisas
FNDA:3,(anonymous_1)
FNDA:3,(anonymous_2)
FNDA:24,(anonymous_3)
FNDA:2,(anonymous_4)
DA:14,1
DA:25,4
DA:28,4
DA:29,3
DA:30,3
DA:31,3
DA:32,2
DA:34,2
DA:39,3
DA:43,4
DA:49,24
DA:67,2
LF:12
LH:12
BRDA:51,0,0,24
BRDA:51,0,1,0
BRF:2
BRH:1
end_of_record
TN:
SF:src\Paginas\Categorias\Chaquetas\Chaquetas.jsx
FN:25,Chaquetas
FN:29,(anonymous_1)
FN:30,(anonymous_2)
FN:48,(anonymous_3)
FN:68,(anonymous_4)
FNF:5
FNH:5
FNDA:4,Chaquetas
FNDA:3,(anonymous_1)
FNDA:3,(anonymous_2)
FNDA:24,(anonymous_3)
FNDA:2,(anonymous_4)
DA:16,1
DA:27,4
DA:29,4
DA:30,3
DA:31,3
DA:32,3
DA:33,2
DA:35,2
DA:39,3
DA:43,4
DA:49,24
DA:69,2
LF:12
LH:12
BRDA:51,0,0,24
BRDA:51,0,1,0
BRF:2
BRH:1
end_of_record
TN:
SF:src\Paginas\Categorias\Pantalones\Pantalones.jsx
FN:23,Pantalones
FN:27,(anonymous_1)
FN:28,(anonymous_2)
FN:46,(anonymous_3)
FN:64,(anonymous_4)
FNF:5
FNH:5
FNDA:4,Pantalones
FNDA:3,(anonymous_1)
FNDA:3,(anonymous_2)
FNDA:24,(anonymous_3)
FNDA:2,(anonymous_4)
DA:14,1
DA:25,4
DA:27,4
DA:28,3
DA:29,3
DA:30,3
DA:31,2
DA:33,2
DA:37,3
DA:41,4
DA:47,24
DA:65,2
LF:12
LH:12
BRDA:49,0,0,24
BRDA:49,0,1,0
BRF:2
BRH:1
end_of_record
TN:
SF:src\Paginas\Categorias\Poleras\Poleras.jsx
FN:23,Poleras
FN:27,(anonymous_1)
FN:28,(anonymous_2)
FN:46,(anonymous_3)
FN:66,(anonymous_4)
FNF:5
FNH:5
FNDA:4,Poleras
FNDA:3,(anonymous_1)
FNDA:3,(anonymous_2)
FNDA:24,(anonymous_3)
FNDA:2,(anonymous_4)
DA:14,1
DA:25,4
DA:27,4
DA:28,3
DA:29,3
DA:30,3
DA:31,2
DA:33,2
DA:37,3
DA:41,4
DA:47,24
DA:67,2
LF:12
LH:12
BRDA:49,0,0,24
BRDA:49,0,1,0
BRF:2
BRH:1
end_of_record
TN:
SF:src\Paginas\Categorias\Polerones\Polerones.jsx
FN:22,Polerones
FN:27,(anonymous_1)
FN:28,(anonymous_2)
FN:46,(anonymous_3)
FN:65,(anonymous_4)
FNF:5
FNH:5
FNDA:5,Polerones
FNDA:4,(anonymous_1)
FNDA:4,(anonymous_2)
FNDA:30,(anonymous_3)
FNDA:2,(anonymous_4)
DA:13,1
DA:25,5
DA:27,5
DA:28,4
DA:29,4
DA:30,4
DA:31,2
DA:33,3
DA:37,4
DA:41,5
DA:47,30
DA:66,2
LF:12
LH:12
BRDA:49,0,0,0
BRDA:49,0,1,30
BRF:2
BRH:1
end_of_record
TN:
SF:src\Paginas\Checkout\Checkout.jsx
FN:5,(anonymous_0)
FN:12,Checkout
FN:29,(anonymous_2)
FN:35,(anonymous_3)
FN:48,(anonymous_4)
FN:52,(anonymous_5)
FN:81,(anonymous_6)
FN:193,(anonymous_7)
FNF:8
FNH:8
FNDA:16,(anonymous_0)
FNDA:6,Checkout
FNDA:2,(anonymous_2)
FNDA:2,(anonymous_3)
FNDA:3,(anonymous_4)
FNDA:1,(anonymous_5)
FNDA:4,(anonymous_6)
FNDA:4,(anonymous_7)
DA:5,1
DA:6,16
DA:13,6
DA:24,6
DA:25,6
DA:26,6
DA:27,6
DA:29,6
DA:30,2
DA:31,0
DA:32,0
DA:33,0
DA:35,2
DA:36,2
DA:37,2
DA:38,2
DA:39,2
DA:41,0
DA:42,0
DA:45,2
DA:48,6
DA:49,3
DA:52,6
DA:53,1
DA:54,0
DA:55,0
DA:57,1
DA:58,1
DA:62,1
DA:63,1
DA:65,0
DA:67,0
DA:68,0
DA:69,0
DA:71,0
DA:76,0
DA:81,6
DA:82,4
DA:85,6
DA:86,2
DA:89,4
DA:194,4
DA:195,4
LF:43
LH:30
BRDA:30,0,0,0
BRDA:30,0,1,2
BRDA:38,1,0,2
BRDA:38,1,1,0
BRDA:53,2,0,0
BRDA:53,2,1,1
BRDA:53,3,0,1
BRDA:53,3,1,1
BRDA:53,3,2,1
BRDA:67,4,0,0
BRDA:67,4,1,0
BRDA:68,5,0,0
BRDA:68,5,1,0
BRDA:85,6,0,2
BRDA:85,6,1,4
BRF:15
BRH:8
end_of_record
TN:
SF:src\Paginas\Checkout\PagoFallido.jsx
FN:4,(anonymous_0)
FN:11,PagoFallido
FN:17,(anonymous_2)
FN:27,(anonymous_3)
FN:111,(anonymous_4)
FNF:5
FNH:3
FNDA:3,(anonymous_0)
FNDA:2,PagoFallido
FNDA:0,(anonymous_2)
FNDA:0,(anonymous_3)
FNDA:1,(anonymous_4)
DA:4,1
DA:5,3
DA:12,2
DA:13,2
DA:15,2
DA:17,2
DA:18,0
DA:21,2
DA:22,1
DA:27,0
DA:33,1
DA:112,1
LF:12
LH:10
BRDA:15,0,0,2
BRDA:15,0,1,1
BRDA:21,1,0,1
BRDA:21,1,1,1
BRDA:21,2,0,2
BRDA:21,2,1,1
BRF:6
BRH:6
end_of_record
TN:
SF:src\Paginas\Checkout\PagoRealizado.jsx
FN:5,(anonymous_0)
FN:12,PagoRealizado
FN:18,(anonymous_2)
FN:19,(anonymous_3)
FN:118,(anonymous_4)
FNF:5
FNH:5
FNDA:3,(anonymous_0)
FNDA:4,PagoRealizado
FNDA:2,(anonymous_2)
FNDA:2,(anonymous_3)
FNDA:1,(anonymous_4)
DA:5,1
DA:6,3
DA:13,4
DA:15,4
DA:16,4
DA:18,4
DA:19,2
DA:20,2
DA:21,2
DA:22,1
DA:23,1
DA:25,1
DA:26,1
DA:31,2
DA:32,2
DA:36,4
DA:37,2
DA:40,2
DA:41,1
DA:44,1
DA:119,1
DA:121,1
LF:22
LH:22
BRDA:31,0,0,2
BRDA:31,0,1,0
BRDA:36,1,0,2
BRDA:36,1,1,2
BRDA:40,2,0,1
BRDA:40,2,1,1
BRF:6
BRH:5
end_of_record
TN:
SF:src\Paginas\Contacto\Contacto.jsx
FN:3,Contacto
FN:8,(anonymous_1)
FN:16,(anonymous_2)
FN:36,(anonymous_3)
FN:48,(anonymous_4)
FN:60,(anonymous_5)
FNF:6
FNH:6
FNDA:15,Contacto
FNDA:1,(anonymous_1)
FNDA:1,(anonymous_2)
FNDA:3,(anonymous_3)
FNDA:3,(anonymous_4)
FNDA:3,(anonymous_5)
DA:4,15
DA:5,15
DA:6,15
DA:8,15
DA:9,1
DA:10,1
DA:11,1
DA:12,1
DA:13,1
DA:16,15
DA:17,1
DA:18,1
DA:19,1
DA:22,15
DA:36,3
DA:48,3
DA:60,3
LF:17
LH:17
BRF:0
BRH:0
end_of_record
TN:
SF:src\Paginas\Home\Home.jsx
FN:12,Home
FNF:1
FNH:1
FNDA:1,Home
DA:13,1
LF:1
LH:1
BRF:0
BRH:0
end_of_record
TN:
SF:src\Paginas\Nosotros\Nosotros.jsx
FN:3,Nosotros
FNF:1
FNH:1
FNDA:4,Nosotros
DA:4,4
LF:1
LH:1
BRF:0
BRH:0
end_of_record
TN:
SF:src\Paginas\Ofertas\Ofertas.jsx
FN:33,(anonymous_0)
FN:40,Ofertas
FN:41,(anonymous_2)
FN:66,(anonymous_3)
FN:85,(anonymous_4)
FNF:5
FNH:5
FNDA:9,(anonymous_0)
FNDA:3,Ofertas
FNDA:1,(anonymous_2)
FNDA:9,(anonymous_3)
FNDA:1,(anonymous_4)
DA:8,1
DA:33,1
DA:34,9
DA:41,3
DA:42,1
DA:44,1
DA:45,0
DA:46,0
DA:49,1
DA:50,1
DA:53,0
DA:54,0
DA:59,3
DA:67,9
DA:85,1
LF:15
LH:11
BRDA:37,0,0,9
BRDA:37,0,1,0
BRDA:44,1,0,0
BRDA:44,1,1,1
BRF:4
BRH:2
end_of_record
TN:
SF:src\Paginas\Productos\DetalleProducto.jsx
FN:6,(anonymous_0)
FN:13,DetalleProducto
FN:22,(anonymous_2)
FN:23,(anonymous_3)
FN:40,(anonymous_4)
FN:74,(anonymous_5)
FNF:6
FNH:6
FNDA:7,(anonymous_0)
FNDA:13,DetalleProducto
FNDA:5,(anonymous_2)
FNDA:5,(anonymous_3)
FNDA:2,(anonymous_4)
FNDA:3,(anonymous_5)
DA:6,1
DA:7,7
DA:14,13
DA:15,13
DA:16,13
DA:17,13
DA:18,13
DA:19,13
DA:22,13
DA:23,5
DA:24,5
DA:26,5
DA:27,4
DA:28,4
DA:30,1
DA:31,1
DA:32,1
DA:36,5
DA:40,13
DA:41,2
DA:42,2
DA:43,1
DA:44,1
DA:45,1
DA:48,1
DA:49,0
DA:50,0
DA:53,1
DA:54,0
DA:55,0
DA:58,1
DA:59,1
DA:62,1
DA:63,1
DA:65,0
DA:66,0
DA:67,0
DA:69,0
DA:74,13
DA:75,3
DA:76,3
DA:78,3
DA:79,2
DA:80,2
DA:82,3
DA:85,13
DA:86,5
DA:89,8
DA:90,1
DA:93,7
DA:94,0
DA:97,7
DA:99,7
LF:53
LH:44
BRDA:10,0,0,7
BRDA:10,0,1,0
BRDA:42,1,0,1
BRDA:42,1,1,1
BRDA:48,2,0,0
BRDA:48,2,1,1
BRDA:53,3,0,0
BRDA:53,3,1,1
BRDA:66,4,0,0
BRDA:66,4,1,0
BRDA:66,5,0,0
BRDA:66,5,1,0
BRDA:75,6,0,3
BRDA:75,6,1,1
BRDA:76,7,0,0
BRDA:76,7,1,3
BRDA:78,8,0,2
BRDA:78,8,1,1
BRDA:78,9,0,3
BRDA:78,9,1,3
BRDA:85,10,0,5
BRDA:85,10,1,8
BRDA:89,11,0,1
BRDA:89,11,1,7
BRDA:93,12,0,0
BRDA:93,12,1,7
BRDA:110,13,0,7
BRDA:110,13,1,0
BRDA:114,14,0,0
BRDA:114,14,1,7
BRDA:117,15,0,7
BRDA:117,15,1,0
BRDA:123,16,0,7
BRDA:123,16,1,0
BRF:34
BRH:21
end_of_record
TN:
SF:src\Paginas\Productos\Producto.jsx
FN:5,Productos
FN:9,(anonymous_1)
FN:10,(anonymous_2)
FN:26,(anonymous_3)
FNF:4
FNH:4
FNDA:3,Productos
FNDA:2,(anonymous_1)
FNDA:2,(anonymous_2)
FNDA:2,(anonymous_3)
DA:7,3
DA:9,3
DA:10,2
DA:11,2
DA:12,2
DA:13,2
DA:15,0
DA:19,2
DA:22,3
DA:27,2
LF:10
LH:9
BRF:0
BRH:0
end_of_record
TN:
SF:src\Paginas\Productos\TarjetaProducto.jsx
FN:6,(anonymous_0)
FN:14,TarjetaProducto
FN:20,(anonymous_2)
FN:40,(anonymous_3)
FNF:4
FNH:4
FNDA:22,(anonymous_0)
FNDA:22,TarjetaProducto
FNDA:3,(anonymous_2)
FNDA:6,(anonymous_3)
DA:6,7
DA:7,22
DA:16,22
DA:17,22
DA:20,22
DA:21,3
DA:23,3
DA:24,1
DA:25,1
DA:28,2
DA:29,2
DA:32,1
DA:33,1
DA:35,1
DA:36,1
DA:40,22
DA:41,6
DA:43,6
DA:44,2
DA:45,2
DA:47,6
DA:50,22
LF:22
LH:22
BRDA:14,0,0,10
BRDA:23,1,0,1
BRDA:23,1,1,2
BRDA:41,2,0,6
BRDA:41,2,1,2
BRDA:43,3,0,2
BRDA:43,3,1,4
BRDA:61,4,0,22
BRDA:61,4,1,10
BRDA:61,4,2,10
BRDA:66,5,0,1
BRDA:66,5,1,21
BRDA:69,6,0,8
BRDA:69,6,1,13
BRDA:76,7,0,9
BRDA:76,7,1,13
BRF:16
BRH:16
end_of_record
TN:
SF:src\componentes\Footer.jsx
FN:3,Footer
FNF:1
FNH:1
FNDA:2,Footer
DA:4,2
LF:1
LH:1
BRF:0
BRH:0
end_of_record
TN:
SF:src\componentes\Header.jsx
FN:4,Header
FN:24,(anonymous_1)
FN:31,(anonymous_2)
FN:39,(anonymous_3)
FN:42,(anonymous_4)
FN:52,(anonymous_5)
FN:53,handleClickOutside
FN:59,(anonymous_7)
FN:96,(anonymous_8)
FN:96,(anonymous_9)
FN:103,(anonymous_10)
FN:108,(anonymous_11)
FNF:12
FNH:9
FNDA:3,Header
FNDA:1,(anonymous_1)
FNDA:0,(anonymous_2)
FNDA:1,(anonymous_3)
FNDA:0,(anonymous_4)
FNDA:1,(anonymous_5)
FNDA:1,handleClickOutside
FNDA:1,(anonymous_7)
FNDA:1,(anonymous_8)
FNDA:1,(anonymous_9)
FNDA:12,(anonymous_10)
FNDA:0,(anonymous_11)
DA:5,3
DA:6,3
DA:8,3
DA:17,3
DA:18,3
DA:20,3
DA:22,3
DA:24,3
DA:25,1
DA:26,1
DA:28,1
DA:29,1
DA:31,1
DA:32,0
DA:33,0
DA:35,0
DA:36,0
DA:38,1
DA:39,1
DA:42,3
DA:43,0
DA:44,0
DA:45,0
DA:46,0
DA:47,0
DA:48,0
DA:52,3
DA:54,1
DA:55,0
DA:58,1
DA:59,1
DA:62,3
DA:96,1
DA:104,12
DA:108,0
LF:35
LH:23
BRDA:43,0,0,0
BRDA:43,0,1,0
BRDA:54,1,0,0
BRDA:54,1,1,1
BRDA:54,2,0,1
BRDA:54,2,1,1
BRDA:101,3,0,3
BRDA:101,3,1,2
BRDA:139,4,0,0
BRDA:139,4,1,3
BRDA:141,5,0,0
BRDA:141,5,1,0
BRF:12
BRH:6
end_of_record
